[2023-10-02 10:24:54] [INFO]: Server is running on port 5000
[2023-10-02 10:24:54] [DEBUG]: Request for fetching all products
[2023-10-02 10:24:54] [DEBUG]: Fetching total number of records
[2023-10-02 10:24:54] [DEBUG]: Total number of records: 5
[2023-10-02 10:25:59] [INFO]: Server is running on port 5000
[2023-10-02 10:26:03] [DEBUG]: Request for fetching all products
[2023-10-02 10:26:03] [DEBUG]: Fetching total number of records
[2023-10-02 10:26:03] [DEBUG]: Total number of records: 5
[2023-10-02 10:26:42] [INFO]: Server is running on port 5000
[2023-10-02 10:26:49] [INFO]: Server is running on port 5000
[2023-10-02 10:27:01] [DEBUG]: Request for fetching all products
[2023-10-02 10:27:01] [DEBUG]: Fetching total number of records
[2023-10-02 10:27:08] [INFO]: Server is running on port 5000
[2023-10-02 10:27:10] [DEBUG]: Request for fetching all products
[2023-10-02 10:27:10] [DEBUG]: Fetching total number of records
[2023-10-02 10:27:10] [DEBUG]: Total number of records: 5
[2023-10-02 10:28:52] [INFO]: Server is running on port 5000
[2023-10-02 10:30:12] [INFO]: Server is running on port 5000
[2023-10-02 10:31:11] [INFO]: Server is running on port 5000
[2023-10-02 10:31:15] [DEBUG]: Request for fetching all products
[2023-10-02 10:31:15] [DEBUG]: Fetching total number of records
[2023-10-02 10:31:15] [DEBUG]: Total number of records: 5
[2023-10-02 10:31:15] [DEBUG]: Fetching all products (Page: 0, Limit: 6)
[2023-10-02 10:31:25] [DEBUG]: Request for fetching all products
[2023-10-02 10:31:25] [DEBUG]: Fetching total number of records
[2023-10-02 10:31:25] [DEBUG]: Total number of records: 5
[2023-10-02 10:32:08] [INFO]: Server is running on port 5000
[2023-10-02 10:32:14] [INFO]: Server is running on port 5000
[2023-10-02 10:32:19] [DEBUG]: Request for fetching all products
[2023-10-02 10:32:19] [DEBUG]: Fetching total number of records
[2023-10-02 10:32:19] [DEBUG]: Total number of records: 5
[2023-10-02 10:32:39] [INFO]: Server is running on port 5000
[2023-10-02 10:32:55] [INFO]: Server is running on port 5000
[2023-10-02 10:33:00] [DEBUG]: Request for fetching all products
[2023-10-02 10:33:00] [DEBUG]: Fetching total number of records
[2023-10-02 10:33:00] [DEBUG]: Total number of records: 5
[2023-10-02 10:36:12] [INFO]: Server is running on port 5000
[2023-10-02 10:36:17] [INFO]: Server is running on port 5000
[2023-10-02 10:36:21] [DEBUG]: Request for fetching all products
[2023-10-02 10:36:21] [DEBUG]: Fetching total number of records
[2023-10-02 10:36:21] [DEBUG]: Total number of records: 5
[2023-10-02 10:38:00] [INFO]: Server is running on port 5000
[2023-10-02 10:38:16] [INFO]: Server is running on port 5000
[2023-10-02 10:38:21] [DEBUG]: Request for fetching all products
[2023-10-02 10:38:21] [DEBUG]: Fetching total number of records
[2023-10-02 10:38:21] [DEBUG]: Total number of records: 5
[2023-10-02 10:38:21] [DEBUG]: Fetching all products (Page: 0, Limit: 6)
[2023-10-02 10:38:21] [INFO]: Connected to Redis
[2023-10-02 10:38:53] [INFO]: Server is running on port 5000
[2023-10-02 10:38:53] [DEBUG]: Request for fetching all products
[2023-10-02 10:38:53] [DEBUG]: Fetching total number of records
[2023-10-02 10:38:53] [DEBUG]: Total number of records: 5
[2023-10-02 10:38:53] [DEBUG]: Fetching all products (Page: 0, Limit: 6)
[2023-10-02 10:38:53] [INFO]: Connected to Redis
[2023-10-02 10:39:11] [INFO]: Server is running on port 5000
[2023-10-02 10:39:30] [INFO]: Server is running on port 5000
[2023-10-02 10:39:33] [DEBUG]: Request for fetching all products
[2023-10-02 10:39:33] [DEBUG]: Fetching total number of records
[2023-10-02 10:39:33] [DEBUG]: Total number of records: 5
[2023-10-02 10:39:33] [DEBUG]: Fetching all products (Page: 0, Limit: 6)
[2023-10-02 10:39:33] [INFO]: Connected to Redis
[2023-10-02 10:41:34] [DEBUG]: Request for fetching all products
[2023-10-02 10:41:34] [DEBUG]: Fetching total number of records
[2023-10-02 10:41:34] [DEBUG]: Total number of records: 5
[2023-10-02 10:43:02] [INFO]: Server is running on port 5000
[2023-10-02 10:43:04] [DEBUG]: Request for fetching products
[2023-10-02 10:43:04] [DEBUG]: Fetching total number of records
[2023-10-02 10:43:04] [DEBUG]: Total number of records: 5
[2023-10-02 10:43:04] [DEBUG]: Fetching products (Page: 0, Limit: 2)
[2023-10-02 10:43:05] [DEBUG]: Request for fetching products
[2023-10-02 10:43:05] [DEBUG]: Fetching total number of records
[2023-10-02 10:43:05] [DEBUG]: Total number of records: 5
[2023-10-02 10:43:05] [DEBUG]: Fetching products (Page: 0, Limit: 2)
[2023-10-02 10:43:10] [DEBUG]: Request for fetching all products
[2023-10-02 10:43:10] [DEBUG]: Fetching total number of records
[2023-10-02 10:43:10] [DEBUG]: Total number of records: 5
[2023-10-02 10:43:10] [DEBUG]: Fetching all products (Page: 0, Limit: 6)
[2023-10-02 10:43:10] [INFO]: Connected to Redis
[2023-10-02 10:43:24] [DEBUG]: Request for fetching all products
[2023-10-02 10:43:24] [DEBUG]: Fetching total number of records
[2023-10-02 10:43:24] [DEBUG]: Total number of records: 5
[2023-10-02 10:45:22] [INFO]: Server is running on port 5000
[2023-10-02 10:45:39] [INFO]: Server is running on port 5000
[2023-10-02 10:46:36] [INFO]: Server is running on port 5000
[2023-10-02 10:46:36] [INFO]: Connected to Redis
[2023-10-02 10:46:45] [INFO]: Server is running on port 5000
[2023-10-02 10:46:45] [INFO]: Connected to Redis
[2023-10-02 10:46:51] [INFO]: Server is running on port 5000
[2023-10-02 10:46:51] [INFO]: Connected to Redis
[2023-10-02 10:46:57] [INFO]: Server is running on port 5000
[2023-10-02 10:46:57] [INFO]: Connected to Redis
[2023-10-02 10:47:00] [INFO]: Server is running on port 5000
[2023-10-02 10:47:00] [INFO]: Connected to Redis
[2023-10-02 10:47:14] [INFO]: Server is running on port 5000
[2023-10-02 10:47:14] [INFO]: Connected to Redis
[2023-10-02 10:47:31] [INFO]: Server is running on port 5000
[2023-10-02 10:47:31] [INFO]: Connected to Redis
[2023-10-02 10:47:37] [INFO]: Server is running on port 5000
[2023-10-02 10:47:37] [INFO]: Connected to database
[2023-10-02 10:47:37] [INFO]: Connected to Redis
[2023-10-02 10:47:47] [INFO]: Server is running on port 5000
[2023-10-02 10:47:47] [INFO]: Connected to database
[2023-10-02 10:47:47] [INFO]: Connected to Redis
[2023-10-02 10:47:59] [INFO]: Server is running on port 5000
[2023-10-02 10:47:59] [INFO]: Connected to database
[2023-10-02 10:47:59] [INFO]: Connected to Redis
[2023-10-02 10:48:06] [INFO]: Server is running on port 5000
[2023-10-02 10:48:06] [INFO]: Connected to database
[2023-10-02 10:48:06] [INFO]: Connected to Redis
[2023-10-02 10:48:18] [DEBUG]: Request for fetching all products
[2023-10-02 10:48:18] [DEBUG]: Fetching total number of records
[2023-10-02 10:48:18] [DEBUG]: Total number of records: 5
[2023-10-02 10:48:18] [DEBUG]: Fetching all products (Page: 0, Limit: 6)
[2023-10-02 10:49:05] [INFO]: Server is running on port 5000
[2023-10-02 10:49:05] [INFO]: Connected to database
[2023-10-02 10:49:05] [INFO]: Connected to Redis
[2023-10-02 10:49:05] [DEBUG]: Request for fetching all products
[2023-10-02 10:49:05] [DEBUG]: Fetching total number of records
[2023-10-02 10:49:05] [DEBUG]: Total number of records: 5
[2023-10-02 10:49:05] [DEBUG]: Fetching all products (Page: 0, Limit: 6)
[2023-10-02 10:49:23] [DEBUG]: Request for fetching products
[2023-10-02 10:49:23] [DEBUG]: Fetching total number of records
[2023-10-02 10:49:23] [DEBUG]: Total number of records: 5
[2023-10-02 10:49:23] [DEBUG]: Fetching products (Page: 0, Limit: 2)
[2023-10-02 10:49:27] [DEBUG]: Request for fetching products
[2023-10-02 10:49:27] [DEBUG]: Fetching total number of records
[2023-10-02 10:49:27] [DEBUG]: Total number of records: 5
[2023-10-02 10:49:27] [DEBUG]: Fetching products (Page: 1, Limit: 2)
[2023-10-02 10:49:31] [DEBUG]: Request for fetching products
[2023-10-02 10:49:31] [DEBUG]: Fetching total number of records
[2023-10-02 10:49:31] [DEBUG]: Total number of records: 5
[2023-10-02 10:49:31] [DEBUG]: Fetching products (Page: 0, Limit: 2)
[2023-10-02 10:49:43] [INFO]: Server is running on port 5000
[2023-10-02 10:49:43] [INFO]: Connected to database
[2023-10-02 10:49:43] [INFO]: Connected to Redis
[2023-10-02 10:49:49] [DEBUG]: Request for fetching all products
[2023-10-02 10:49:49] [DEBUG]: Fetching total number of records
[2023-10-02 10:49:49] [DEBUG]: Total number of records: 5
[2023-10-02 10:49:49] [DEBUG]: Fetching all products (Page: 0, Limit: 6)
[2023-10-02 10:50:26] [INFO]: Server is running on port 5000
[2023-10-02 10:50:26] [INFO]: Connected to database
[2023-10-02 10:50:26] [INFO]: Connected to Redis
[2023-10-02 10:50:26] [DEBUG]: Request for fetching all products
[2023-10-02 10:50:26] [DEBUG]: Fetching total number of records
[2023-10-02 10:50:26] [DEBUG]: Total number of records: 5
[2023-10-02 10:50:26] [DEBUG]: Fetching all products (Page: 0, Limit: 6)
[2023-10-02 10:50:31] [DEBUG]: Request for fetching all products
[2023-10-02 10:50:31] [DEBUG]: Fetching total number of records
[2023-10-02 10:50:31] [DEBUG]: Total number of records: 5
[2023-10-02 10:50:31] [DEBUG]: Fetching all products (Page: 0, Limit: 6)
[2023-10-02 10:50:31] [DEBUG]: Request for fetching all products
[2023-10-02 10:50:31] [DEBUG]: Fetching total number of records
[2023-10-02 10:50:31] [DEBUG]: Total number of records: 5
[2023-10-02 10:50:31] [DEBUG]: Fetching all products (Page: 0, Limit: 6)
[2023-10-02 10:51:18] [DEBUG]: Request for fetching all products
[2023-10-02 10:51:18] [DEBUG]: Fetching total number of records
[2023-10-02 10:51:18] [DEBUG]: Total number of records: 5
[2023-10-02 10:51:18] [DEBUG]: Fetching all products (Page: 0, Limit: 6)
[2023-10-02 10:51:46] [INFO]: Server is running on port 5000
[2023-10-02 10:51:46] [INFO]: Connected to database
[2023-10-02 10:51:46] [INFO]: Connected to Redis
[2023-10-02 10:51:46] [DEBUG]: Request for fetching products
[2023-10-02 10:51:46] [DEBUG]: Fetching total number of records
[2023-10-02 10:51:46] [DEBUG]: Total number of records: 5
[2023-10-02 10:51:46] [DEBUG]: Fetching products (Page: 0, Limit: 2)
[2023-10-02 10:52:24] [INFO]: Server is running on port 5000
[2023-10-02 10:52:24] [INFO]: Connected to database
[2023-10-02 10:52:24] [INFO]: Connected to Redis
[2023-10-02 10:52:26] [INFO]: Server is running on port 5000
[2023-10-02 10:52:26] [INFO]: Connected to database
[2023-10-02 10:52:26] [INFO]: Connected to Redis
[2023-10-02 10:53:14] [INFO]: Server is running on port 5000
[2023-10-02 10:53:14] [INFO]: Connected to database
[2023-10-02 10:53:14] [INFO]: Connected to Redis
[2023-10-02 10:53:30] [INFO]: Server is running on port 5000
[2023-10-02 10:53:30] [INFO]: Connected to database
[2023-10-02 10:53:30] [INFO]: Connected to Redis
[2023-10-02 10:53:31] [DEBUG]: Request for fetching products
[2023-10-02 10:53:31] [DEBUG]: Fetching total number of records
[2023-10-02 10:53:31] [DEBUG]: Total number of records: 5
[2023-10-02 10:53:31] [DEBUG]: Fetching products (Page: 0, Limit: 2)
[2023-10-02 10:53:40] [DEBUG]: Request for fetching products
[2023-10-02 10:53:40] [DEBUG]: Fetching total number of records
[2023-10-02 10:53:40] [DEBUG]: Total number of records: 5
[2023-10-02 10:53:40] [DEBUG]: Fetching products (Page: 0, Limit: 2)
[2023-10-02 10:54:21] [DEBUG]: Request for fetching products
[2023-10-02 10:54:21] [DEBUG]: Fetching total number of records
[2023-10-02 10:54:21] [DEBUG]: Total number of records: 5
[2023-10-02 10:54:21] [DEBUG]: Fetching products (Page: 0, Limit: 2)
[2023-10-02 10:54:24] [DEBUG]: Request for fetching all products
[2023-10-02 10:54:24] [DEBUG]: Fetching total number of records
[2023-10-02 10:54:24] [DEBUG]: Total number of records: 5
[2023-10-02 10:54:24] [DEBUG]: Fetching all products (Page: 0, Limit: 6)
[2023-10-02 10:54:41] [INFO]: Server is running on port 5000
[2023-10-02 10:54:41] [INFO]: Connected to database
[2023-10-02 10:54:41] [INFO]: Connected to Redis
[2023-10-02 10:54:48] [INFO]: Server is running on port 5000
[2023-10-02 10:54:48] [INFO]: Connected to database
[2023-10-02 10:54:48] [INFO]: Connected to Redis
[2023-10-02 10:54:57] [DEBUG]: Request for fetching all products from cache
[2023-10-02 10:54:57] [DEBUG]: Fetching total number of records
[2023-10-02 10:54:57] [DEBUG]: Total number of records: 5
[2023-10-02 10:54:57] [DEBUG]: Fetching all products (Page: 0, Limit: 6)
[2023-10-02 10:55:18] [INFO]: Server is running on port 5000
[2023-10-02 10:55:18] [INFO]: Connected to database
[2023-10-02 10:55:18] [INFO]: Connected to Redis
[2023-10-02 10:55:19] [DEBUG]: Request for fetching all products from cache
[2023-10-02 10:55:19] [DEBUG]: Fetching total number of records
[2023-10-02 10:55:19] [DEBUG]: Total number of records: 5
[2023-10-02 10:55:19] [DEBUG]: Fetching all products (Page: 0, Limit: 2)
[2023-10-02 10:55:26] [DEBUG]: Request for fetching all products from cache
[2023-10-02 10:55:26] [DEBUG]: Fetching total number of records
[2023-10-02 10:55:26] [DEBUG]: Total number of records: 5
[2023-10-02 10:55:26] [DEBUG]: Fetching all products (Page: 0, Limit: 2)
[2023-10-02 10:55:43] [DEBUG]: Request for fetching products
[2023-10-02 10:55:43] [DEBUG]: Fetching total number of records
[2023-10-02 10:55:43] [DEBUG]: Total number of records: 5
[2023-10-02 10:55:43] [DEBUG]: Fetching products (Page: 0, Limit: 2)
[2023-10-02 10:56:23] [INFO]: Server is running on port 5000
[2023-10-02 10:56:23] [INFO]: Connected to database
[2023-10-02 10:56:23] [INFO]: Connected to Redis
[2023-10-02 10:56:23] [DEBUG]: Request for fetching all products from cache
[2023-10-02 10:56:23] [DEBUG]: Fetching total number of records
[2023-10-02 10:56:23] [DEBUG]: Total number of records: 5
[2023-10-02 10:56:23] [DEBUG]: Fetching all products (Page: 0, Limit: 2)
[2023-10-02 10:56:29] [DEBUG]: Checking authentication status
[2023-10-02 10:56:29] [WARN]: User is not authenticated, redirecting to /login
[2023-10-02 10:56:30] [INFO]: Rendering login page
[2023-10-02 10:56:36] [WARN]: Incorrect password for user:
[2023-10-02 10:56:36] [WARN]: User authentication failed: Incorrect password.
[2023-10-02 10:56:36] [INFO]: Rendering login page
[2023-10-02 10:56:41] [INFO]: User authenticated successfully:
[2023-10-02 10:56:41] [INFO]: User authenticated successfully:
[2023-10-02 10:56:41] [DEBUG]: Checking authentication status
[2023-10-02 10:56:41] [INFO]: Rendering admin panel for user:
[2023-10-02 10:56:41] [DEBUG]: Request for server-side products
[2023-10-02 10:56:41] [DEBUG]: Fetching total number of records
[2023-10-02 10:56:41] [DEBUG]: Total number of records: 5
[2023-10-02 10:56:41] [INFO]: Fetching products based on DataTables request
[2023-10-02 10:56:41] [INFO]: Fetched products:
[2023-10-02 10:56:52] [DEBUG]: Request for fetching product /find-product/:productId
[2023-10-02 10:56:56] [DEBUG]: Request for updating product, update-product/:productId
[2023-10-02 10:56:56] [INFO]: Extracting Drive Link -> ID, RegEx Match Found for drive Link: 1ot4OQP647vU39Yt-2TsfJm1epkbL8awK
[2023-10-02 10:56:56] [INFO]: Product updated successfully
[2023-10-02 10:56:56] [DEBUG]: Checking authentication status
[2023-10-02 10:56:56] [INFO]: Rendering admin panel for user:
[2023-10-02 10:56:56] [DEBUG]: Request for server-side products
[2023-10-02 10:56:56] [DEBUG]: Fetching total number of records
[2023-10-02 10:56:56] [DEBUG]: Total number of records: 5
[2023-10-02 10:56:56] [INFO]: Fetching products based on DataTables request
[2023-10-02 10:56:56] [INFO]: Fetched products:
[2023-10-02 10:57:00] [DEBUG]: Request for fetching products
[2023-10-02 10:57:00] [DEBUG]: Fetching total number of records
[2023-10-02 10:57:00] [DEBUG]: Total number of records: 5
[2023-10-02 10:57:00] [DEBUG]: Fetching products (Page: 0, Limit: 2)
[2023-10-02 10:57:11] [DEBUG]: Request for fetching products
[2023-10-02 10:57:11] [DEBUG]: Fetching total number of records
[2023-10-02 10:57:11] [DEBUG]: Total number of records: 5
[2023-10-02 10:57:11] [DEBUG]: Fetching products (Page: 1, Limit: 2)
[2023-10-02 10:57:14] [DEBUG]: Request for fetching products
[2023-10-02 10:57:14] [DEBUG]: Fetching total number of records
[2023-10-02 10:57:14] [DEBUG]: Total number of records: 5
[2023-10-02 10:57:14] [DEBUG]: Fetching products (Page: 2, Limit: 2)
[2023-10-02 10:57:14] [DEBUG]: Request for fetching products
[2023-10-02 10:57:14] [DEBUG]: Fetching total number of records
[2023-10-02 10:57:14] [DEBUG]: Total number of records: 5
[2023-10-02 10:57:14] [DEBUG]: Request for fetching products
[2023-10-02 10:57:14] [DEBUG]: Fetching total number of records
[2023-10-02 10:57:14] [DEBUG]: Total number of records: 5
[2023-10-02 10:57:14] [DEBUG]: Request for fetching products
[2023-10-02 10:57:14] [DEBUG]: Fetching total number of records
[2023-10-02 10:57:14] [DEBUG]: Total number of records: 5
[2023-10-02 10:57:16] [DEBUG]: Request for fetching products
[2023-10-02 10:57:16] [DEBUG]: Fetching total number of records
[2023-10-02 10:57:16] [DEBUG]: Total number of records: 5
[2023-10-02 10:57:16] [DEBUG]: Request for fetching products
[2023-10-02 10:57:16] [DEBUG]: Fetching total number of records
[2023-10-02 10:57:16] [DEBUG]: Total number of records: 5
[2023-10-02 10:57:16] [DEBUG]: Request for fetching products
[2023-10-02 10:57:16] [DEBUG]: Fetching total number of records
[2023-10-02 10:57:16] [DEBUG]: Total number of records: 5
[2023-10-02 10:57:17] [DEBUG]: Request for fetching products
[2023-10-02 10:57:17] [DEBUG]: Fetching total number of records
[2023-10-02 10:57:17] [DEBUG]: Total number of records: 5
[2023-10-02 10:57:17] [DEBUG]: Request for fetching products
[2023-10-02 10:57:17] [DEBUG]: Fetching total number of records
[2023-10-02 10:57:17] [DEBUG]: Total number of records: 5
[2023-10-02 10:57:17] [DEBUG]: Request for fetching products
[2023-10-02 10:57:17] [DEBUG]: Fetching total number of records
[2023-10-02 10:57:17] [DEBUG]: Total number of records: 5
[2023-10-02 10:57:17] [DEBUG]: Request for fetching products
[2023-10-02 10:57:17] [DEBUG]: Fetching total number of records
[2023-10-02 10:57:17] [DEBUG]: Total number of records: 5
[2023-10-02 10:57:17] [DEBUG]: Request for fetching products
[2023-10-02 10:57:17] [DEBUG]: Fetching total number of records
[2023-10-02 10:57:17] [DEBUG]: Total number of records: 5
[2023-10-02 10:57:18] [DEBUG]: Request for fetching products
[2023-10-02 10:57:18] [DEBUG]: Fetching total number of records
[2023-10-02 10:57:18] [DEBUG]: Total number of records: 5
[2023-10-02 10:57:18] [DEBUG]: Request for fetching products
[2023-10-02 10:57:18] [DEBUG]: Fetching total number of records
[2023-10-02 10:57:18] [DEBUG]: Total number of records: 5
[2023-10-02 10:57:18] [DEBUG]: Request for fetching products
[2023-10-02 10:57:18] [DEBUG]: Fetching total number of records
[2023-10-02 10:57:18] [DEBUG]: Total number of records: 5
[2023-10-02 10:57:18] [DEBUG]: Request for fetching products
[2023-10-02 10:57:18] [DEBUG]: Fetching total number of records
[2023-10-02 10:57:18] [DEBUG]: Total number of records: 5
[2023-10-02 10:57:41] [INFO]: Server is running on port 5000
[2023-10-02 10:57:41] [INFO]: Connected to database
[2023-10-02 10:57:41] [INFO]: Connected to Redis
[2023-10-02 10:57:41] [DEBUG]: Request for fetching all products from cache
[2023-10-02 10:57:41] [DEBUG]: Fetching total number of records
[2023-10-02 10:57:41] [DEBUG]: Total number of records: 5
[2023-10-02 10:57:41] [DEBUG]: Fetching all products (Page: 0, Limit: 2)
[2023-10-02 10:57:42] [DEBUG]: Request for fetching all products from cache
[2023-10-02 10:57:42] [DEBUG]: Fetching total number of records
[2023-10-02 10:57:42] [DEBUG]: Total number of records: 5
[2023-10-02 10:57:42] [DEBUG]: Fetching all products (Page: 0, Limit: 2)
[2023-10-02 10:57:44] [DEBUG]: Request for fetching all products from cache
[2023-10-02 10:57:44] [DEBUG]: Fetching total number of records
[2023-10-02 10:57:44] [DEBUG]: Total number of records: 5
[2023-10-02 10:57:44] [DEBUG]: Fetching all products (Page: 0, Limit: 2)
[2023-10-02 10:58:15] [INFO]: Server is running on port 5000
[2023-10-02 10:58:15] [INFO]: Connected to database
[2023-10-02 10:58:15] [INFO]: Connected to Redis
[2023-10-02 10:58:15] [DEBUG]: Request for fetching all products from cache
[2023-10-02 10:58:15] [DEBUG]: Fetching total number of records
[2023-10-02 10:58:15] [DEBUG]: Total number of records: 5
[2023-10-02 10:58:15] [DEBUG]: Fetching all products (Page: 0, Limit: 2)
[2023-10-02 10:58:25] [INFO]: Server is running on port 5000
[2023-10-02 10:58:25] [INFO]: Connected to database
[2023-10-02 10:58:25] [INFO]: Connected to Redis
[2023-10-02 10:58:29] [DEBUG]: Request for fetching all products from cache
[2023-10-02 10:58:29] [DEBUG]: Fetching total number of records
[2023-10-02 10:58:29] [DEBUG]: Total number of records: 5
[2023-10-02 10:58:29] [DEBUG]: Fetching all products (Page: 0, Limit: 2)
[2023-10-02 10:58:29] [DEBUG]: Request for fetching all products from cache
[2023-10-02 10:58:29] [DEBUG]: Fetching total number of records
[2023-10-02 10:58:29] [DEBUG]: Total number of records: 5
[2023-10-02 10:58:29] [DEBUG]: Fetching all products (Page: 0, Limit: 2)
[2023-10-02 10:59:22] [INFO]: Server is running on port 5000
[2023-10-02 10:59:22] [INFO]: Connected to database
[2023-10-02 10:59:22] [INFO]: Connected to Redis
[2023-10-02 10:59:22] [DEBUG]: Request for fetching all products from cache
[2023-10-02 10:59:22] [DEBUG]: Fetching total number of records
[2023-10-02 10:59:22] [DEBUG]: Total number of records: 5
[2023-10-02 10:59:22] [DEBUG]: Fetching all products (Page: 0, Limit: 2)
[2023-10-02 10:59:25] [DEBUG]: Request for fetching all products from cache
[2023-10-02 10:59:25] [DEBUG]: Fetching total number of records
[2023-10-02 10:59:25] [DEBUG]: Total number of records: 5
[2023-10-02 10:59:25] [DEBUG]: Fetching all products (Page: 0, Limit: 2)
[2023-10-02 11:00:03] [INFO]: Server is running on port 5000
[2023-10-02 11:00:03] [INFO]: Connected to database
[2023-10-02 11:00:03] [INFO]: Connected to Redis
[2023-10-02 11:00:03] [DEBUG]: Request for fetching all products from cache
[2023-10-02 11:00:03] [DEBUG]: Fetching total number of records
[2023-10-02 11:00:03] [DEBUG]: Total number of records: 5
[2023-10-02 11:00:03] [DEBUG]: Fetching all products (Page: 0, Limit: 2)
[2023-10-02 11:00:51] [INFO]: Server is running on port 5000
[2023-10-02 11:00:51] [INFO]: Connected to database
[2023-10-02 11:00:51] [INFO]: Connected to Redis
[2023-10-02 11:01:00] [INFO]: Server is running on port 5000
[2023-10-02 11:01:00] [INFO]: Connected to database
[2023-10-02 11:01:00] [INFO]: Connected to Redis
[2023-10-02 11:01:29] [DEBUG]: Request for fetching all products from cache
[2023-10-02 11:01:29] [DEBUG]: Fetching total number of records
[2023-10-02 11:01:29] [DEBUG]: Total number of records: 5
[2023-10-02 11:01:29] [DEBUG]: Fetching all products (Page: 0, Limit: 2)
[2023-10-02 11:02:35] [INFO]: Server is running on port 5000
[2023-10-02 11:02:35] [INFO]: Connected to database
[2023-10-02 11:02:35] [INFO]: Connected to Redis
[2023-10-02 11:02:35] [DEBUG]: Request for fetching all products from cache
[2023-10-02 11:02:35] [DEBUG]: Fetching total number of records
[2023-10-02 11:02:35] [DEBUG]: Total number of records: 5
[2023-10-02 11:02:35] [DEBUG]: Fetching all products (Page: 0, Limit: 2)
[2023-10-02 11:02:45] [DEBUG]: Request for fetching all products from cache
[2023-10-02 11:02:45] [DEBUG]: Fetching total number of records
[2023-10-02 11:02:45] [DEBUG]: Total number of records: 5
[2023-10-02 11:02:45] [DEBUG]: Fetching all products (Page: 0, Limit: 2)
[2023-10-02 11:03:35] [INFO]: Server is running on port 5000
[2023-10-02 11:03:35] [INFO]: Connected to database
[2023-10-02 11:03:35] [INFO]: Connected to Redis
[2023-10-02 11:03:36] [DEBUG]: Request for fetching all products from cache
[2023-10-02 11:03:36] [DEBUG]: Fetching total number of records
[2023-10-02 11:03:36] [DEBUG]: Total number of records: 5
[2023-10-02 11:03:36] [DEBUG]: Fetching all products (Page: 0, Limit: 2)
[2023-10-02 11:04:20] [INFO]: Server is running on port 5000
[2023-10-02 11:04:20] [INFO]: Connected to database
[2023-10-02 11:04:20] [INFO]: Connected to Redis
[2023-10-02 11:04:45] [DEBUG]: Request for fetching all products from cache
[2023-10-02 11:04:45] [DEBUG]: Fetching total number of records
[2023-10-02 11:04:45] [DEBUG]: Total number of records: 5
[2023-10-02 11:04:45] [DEBUG]: Fetching all products (Page: 0, Limit: 2)
[2023-10-02 11:07:59] [INFO]: Server is running on port 5000
[2023-10-02 11:07:59] [INFO]: Connected to database
[2023-10-02 11:07:59] [INFO]: Connected to Redis
[2023-10-02 11:08:00] [DEBUG]: Request for fetching all products from cache
[2023-10-02 11:08:00] [DEBUG]: Fetching total number of records
[2023-10-02 11:08:00] [DEBUG]: Total number of records: 5
[2023-10-02 11:08:00] [DEBUG]: Fetching all products (Page: 0, Limit: 2)
[2023-10-02 11:09:06] [INFO]: Server is running on port 5000
[2023-10-02 11:09:06] [INFO]: Connected to database
[2023-10-02 11:09:06] [INFO]: Connected to Redis
[2023-10-02 11:11:54] [DEBUG]: Request for fetching all products from cache
[2023-10-02 11:11:54] [DEBUG]: Fetching total number of records
[2023-10-02 11:11:54] [DEBUG]: Total number of records: 5
[2023-10-02 11:11:54] [DEBUG]: Fetching all products (Page: 0, Limit: 2)
[2023-10-02 11:12:35] [INFO]: Server is running on port 5000
[2023-10-02 11:12:35] [INFO]: Connected to database
[2023-10-02 11:12:35] [INFO]: Connected to Redis
[2023-10-02 11:12:42] [DEBUG]: Request for fetching all products from cache
[2023-10-02 11:12:42] [DEBUG]: Fetching total number of records
[2023-10-02 11:12:42] [DEBUG]: Total number of records: 5
[2023-10-02 11:12:42] [DEBUG]: Fetching all products (Page: 0, Limit: 2)
[2023-10-02 11:13:21] [INFO]: Server is running on port 5000
[2023-10-02 11:13:21] [INFO]: Connected to database
[2023-10-02 11:13:21] [INFO]: Connected to Redis
[2023-10-02 11:13:25] [DEBUG]: Request for fetching all products from cache
[2023-10-02 11:13:25] [DEBUG]: Fetching total number of records
[2023-10-02 11:13:25] [DEBUG]: Total number of records: 5
[2023-10-02 11:13:25] [DEBUG]: Fetching all products (Page: 0, Limit: 2)
[2023-10-02 11:13:36] [INFO]: Server is running on port 5000
[2023-10-02 11:13:36] [INFO]: Connected to database
[2023-10-02 11:13:36] [INFO]: Connected to Redis
[2023-10-02 11:15:55] [DEBUG]: Request for fetching all products from cache
[2023-10-02 11:15:55] [DEBUG]: Fetching total number of records
[2023-10-02 11:15:55] [DEBUG]: Total number of records: 5
[2023-10-02 11:15:55] [DEBUG]: Fetching all products (Page: 0, Limit: 2)
[2023-10-02 11:15:55] [INFO]: Fetched Products from Cache
[2023-10-02 11:17:40] [INFO]: Server is running on port 5000
[2023-10-02 11:17:40] [INFO]: Connected to database
[2023-10-02 11:17:40] [INFO]: Connected to Redis
[2023-10-02 11:18:24] [DEBUG]: Request for fetching all products from cache
[2023-10-02 11:18:24] [DEBUG]: Fetching total number of records
[2023-10-02 11:18:24] [DEBUG]: Total number of records: 5
[2023-10-02 11:18:24] [DEBUG]: Fetching all products (Page: 0, Limit: 2)
[2023-10-02 11:21:21] [INFO]: Server is running on port 5000
[2023-10-02 11:21:21] [INFO]: Connected to database
[2023-10-02 11:21:21] [INFO]: Connected to Redis
[2023-10-02 11:21:26] [DEBUG]: Request for fetching all products from cache
[2023-10-02 11:21:26] [DEBUG]: Fetching total number of records
[2023-10-02 11:21:26] [DEBUG]: Total number of records: 5
[2023-10-02 11:21:26] [DEBUG]: Fetching all products (Page: 0, Limit: 2)
[2023-10-02 11:22:08] [INFO]: Server is running on port 5000
[2023-10-02 11:22:08] [INFO]: Connected to database
[2023-10-02 11:22:08] [INFO]: Connected to Redis
[2023-10-02 11:22:13] [DEBUG]: Request for fetching all products from cache
[2023-10-02 11:22:13] [DEBUG]: Fetching total number of records
[2023-10-02 11:22:13] [DEBUG]: Total number of records: 5
[2023-10-02 11:22:13] [DEBUG]: Fetching all products (Page: 0, Limit: 2)
[2023-10-02 11:22:56] [INFO]: Server is running on port 5000
[2023-10-02 11:22:56] [INFO]: Connected to database
[2023-10-02 11:22:56] [INFO]: Connected to Redis
[2023-10-02 11:23:01] [DEBUG]: Request for fetching all products from cache
[2023-10-02 11:23:01] [DEBUG]: Fetching total number of records
[2023-10-02 11:23:01] [DEBUG]: Total number of records: 5
[2023-10-02 11:23:01] [DEBUG]: Fetching all products (Page: 0, Limit: 2)
[2023-10-02 11:23:01] [INFO]: Fetched Products from Cache
[2023-10-02 11:23:06] [DEBUG]: Request for fetching all products from cache
[2023-10-02 11:23:06] [DEBUG]: Fetching total number of records
[2023-10-02 11:23:06] [DEBUG]: Total number of records: 5
[2023-10-02 11:23:06] [DEBUG]: Fetching all products (Page: 1, Limit: 2)
[2023-10-02 11:23:16] [DEBUG]: Request for fetching all products from cache
[2023-10-02 11:23:16] [DEBUG]: Fetching total number of records
[2023-10-02 11:23:16] [DEBUG]: Total number of records: 5
[2023-10-02 11:23:16] [DEBUG]: Fetching all products (Page: 0, Limit: 2)
[2023-10-02 11:23:16] [INFO]: Fetched Products from Cache
[2023-10-02 11:23:19] [DEBUG]: Request for fetching all products from cache
[2023-10-02 11:23:19] [DEBUG]: Fetching total number of records
[2023-10-02 11:23:19] [DEBUG]: Total number of records: 5
[2023-10-02 11:23:19] [DEBUG]: Fetching all products (Page: 1, Limit: 2)
[2023-10-02 11:23:19] [INFO]: Fetched Products from Cache
[2023-10-02 11:23:21] [DEBUG]: Request for fetching all products from cache
[2023-10-02 11:23:21] [DEBUG]: Fetching total number of records
[2023-10-02 11:23:21] [DEBUG]: Total number of records: 5
[2023-10-02 11:23:21] [DEBUG]: Fetching all products (Page: 2, Limit: 2)
[2023-10-02 11:23:23] [DEBUG]: Request for fetching all products from cache
[2023-10-02 11:23:23] [DEBUG]: Fetching total number of records
[2023-10-02 11:23:23] [DEBUG]: Total number of records: 5
[2023-10-02 11:23:23] [DEBUG]: Request for fetching all products from cache
[2023-10-02 11:23:23] [DEBUG]: Fetching total number of records
[2023-10-02 11:23:23] [DEBUG]: Total number of records: 5
[2023-10-02 11:23:23] [DEBUG]: Request for fetching all products from cache
[2023-10-02 11:23:23] [DEBUG]: Fetching total number of records
[2023-10-02 11:23:23] [DEBUG]: Total number of records: 5
[2023-10-02 11:23:24] [DEBUG]: Request for fetching all products from cache
[2023-10-02 11:23:24] [DEBUG]: Fetching total number of records
[2023-10-02 11:23:24] [DEBUG]: Total number of records: 5
[2023-10-02 11:23:24] [DEBUG]: Request for fetching all products from cache
[2023-10-02 11:23:24] [DEBUG]: Fetching total number of records
[2023-10-02 11:23:24] [DEBUG]: Total number of records: 5
[2023-10-02 11:23:24] [DEBUG]: Request for fetching all products from cache
[2023-10-02 11:23:24] [DEBUG]: Fetching total number of records
[2023-10-02 11:23:24] [DEBUG]: Total number of records: 5
[2023-10-02 11:23:24] [DEBUG]: Request for fetching all products from cache
[2023-10-02 11:23:24] [DEBUG]: Fetching total number of records
[2023-10-02 11:23:24] [DEBUG]: Total number of records: 5
[2023-10-02 11:23:25] [DEBUG]: Request for fetching all products from cache
[2023-10-02 11:23:25] [DEBUG]: Fetching total number of records
[2023-10-02 11:23:25] [DEBUG]: Total number of records: 5
[2023-10-02 11:23:25] [DEBUG]: Request for fetching all products from cache
[2023-10-02 11:23:25] [DEBUG]: Fetching total number of records
[2023-10-02 11:23:25] [DEBUG]: Total number of records: 5
[2023-10-02 11:23:25] [DEBUG]: Request for fetching all products from cache
[2023-10-02 11:23:25] [DEBUG]: Fetching total number of records
[2023-10-02 11:23:25] [DEBUG]: Total number of records: 5
[2023-10-02 11:23:25] [DEBUG]: Request for fetching all products from cache
[2023-10-02 11:23:25] [DEBUG]: Fetching total number of records
[2023-10-02 11:23:25] [DEBUG]: Total number of records: 5
[2023-10-02 11:23:28] [DEBUG]: Request for fetching all products from cache
[2023-10-02 11:23:28] [DEBUG]: Fetching total number of records
[2023-10-02 11:23:28] [DEBUG]: Total number of records: 5
[2023-10-02 11:23:28] [DEBUG]: Request for fetching all products from cache
[2023-10-02 11:23:28] [DEBUG]: Fetching total number of records
[2023-10-02 11:23:28] [DEBUG]: Total number of records: 5
[2023-10-02 11:23:28] [DEBUG]: Request for fetching all products from cache
[2023-10-02 11:23:28] [DEBUG]: Fetching total number of records
[2023-10-02 11:23:28] [DEBUG]: Total number of records: 5
[2023-10-02 11:23:28] [DEBUG]: Request for fetching all products from cache
[2023-10-02 11:23:28] [DEBUG]: Fetching total number of records
[2023-10-02 11:23:28] [DEBUG]: Total number of records: 5
[2023-10-02 11:23:28] [DEBUG]: Request for fetching all products from cache
[2023-10-02 11:23:28] [DEBUG]: Fetching total number of records
[2023-10-02 11:23:28] [DEBUG]: Total number of records: 5
[2023-10-02 11:23:28] [DEBUG]: Request for fetching all products from cache
[2023-10-02 11:23:28] [DEBUG]: Fetching total number of records
[2023-10-02 11:23:28] [DEBUG]: Total number of records: 5
[2023-10-02 11:23:36] [DEBUG]: Request for fetching all products from cache
[2023-10-02 11:23:36] [DEBUG]: Fetching total number of records
[2023-10-02 11:23:36] [DEBUG]: Total number of records: 5
[2023-10-02 11:23:37] [DEBUG]: Request for fetching all products from cache
[2023-10-02 11:23:37] [DEBUG]: Fetching total number of records
[2023-10-02 11:23:37] [DEBUG]: Total number of records: 5
[2023-10-02 11:23:37] [DEBUG]: Request for fetching all products from cache
[2023-10-02 11:23:37] [DEBUG]: Fetching total number of records
[2023-10-02 11:23:37] [DEBUG]: Total number of records: 5
[2023-10-02 11:23:37] [DEBUG]: Request for fetching all products from cache
[2023-10-02 11:23:37] [DEBUG]: Fetching total number of records
[2023-10-02 11:23:37] [DEBUG]: Total number of records: 5
[2023-10-02 11:23:37] [DEBUG]: Request for fetching all products from cache
[2023-10-02 11:23:37] [DEBUG]: Fetching total number of records
[2023-10-02 11:23:37] [DEBUG]: Total number of records: 5
[2023-10-02 11:23:37] [DEBUG]: Request for fetching all products from cache
[2023-10-02 11:23:37] [DEBUG]: Fetching total number of records
[2023-10-02 11:23:37] [DEBUG]: Total number of records: 5
[2023-10-02 11:23:37] [DEBUG]: Request for fetching all products from cache
[2023-10-02 11:23:37] [DEBUG]: Fetching total number of records
[2023-10-02 11:23:37] [DEBUG]: Total number of records: 5
[2023-10-02 11:23:37] [DEBUG]: Request for fetching all products from cache
[2023-10-02 11:23:37] [DEBUG]: Fetching total number of records
[2023-10-02 11:23:37] [DEBUG]: Total number of records: 5
[2023-10-02 11:23:37] [DEBUG]: Request for fetching all products from cache
[2023-10-02 11:23:37] [DEBUG]: Fetching total number of records
[2023-10-02 11:23:37] [DEBUG]: Total number of records: 5
[2023-10-02 11:23:38] [DEBUG]: Request for fetching all products from cache
[2023-10-02 11:23:38] [DEBUG]: Fetching total number of records
[2023-10-02 11:23:38] [DEBUG]: Total number of records: 5
[2023-10-02 11:23:38] [DEBUG]: Request for fetching all products from cache
[2023-10-02 11:23:38] [DEBUG]: Fetching total number of records
[2023-10-02 11:23:38] [DEBUG]: Total number of records: 5
[2023-10-02 11:23:38] [DEBUG]: Request for fetching all products from cache
[2023-10-02 11:23:38] [DEBUG]: Fetching total number of records
[2023-10-02 11:23:38] [DEBUG]: Total number of records: 5
[2023-10-02 11:23:38] [DEBUG]: Request for fetching all products from cache
[2023-10-02 11:23:38] [DEBUG]: Fetching total number of records
[2023-10-02 11:23:38] [DEBUG]: Total number of records: 5
[2023-10-02 11:23:38] [DEBUG]: Request for fetching all products from cache
[2023-10-02 11:23:38] [DEBUG]: Fetching total number of records
[2023-10-02 11:23:38] [DEBUG]: Total number of records: 5
[2023-10-02 11:23:38] [DEBUG]: Request for fetching all products from cache
[2023-10-02 11:23:38] [DEBUG]: Fetching total number of records
[2023-10-02 11:23:38] [DEBUG]: Total number of records: 5
[2023-10-02 11:23:39] [DEBUG]: Request for fetching all products from cache
[2023-10-02 11:23:39] [DEBUG]: Fetching total number of records
[2023-10-02 11:23:39] [DEBUG]: Total number of records: 5
[2023-10-02 11:23:39] [DEBUG]: Request for fetching all products from cache
[2023-10-02 11:23:39] [DEBUG]: Fetching total number of records
[2023-10-02 11:23:39] [DEBUG]: Total number of records: 5
[2023-10-02 11:23:39] [DEBUG]: Request for fetching all products from cache
[2023-10-02 11:23:39] [DEBUG]: Fetching total number of records
[2023-10-02 11:23:39] [DEBUG]: Total number of records: 5
[2023-10-02 11:23:39] [DEBUG]: Request for fetching all products from cache
[2023-10-02 11:23:39] [DEBUG]: Fetching total number of records
[2023-10-02 11:23:39] [DEBUG]: Total number of records: 5
[2023-10-02 11:23:39] [DEBUG]: Request for fetching all products from cache
[2023-10-02 11:23:39] [DEBUG]: Fetching total number of records
[2023-10-02 11:23:39] [DEBUG]: Total number of records: 5
[2023-10-02 11:23:39] [DEBUG]: Request for fetching all products from cache
[2023-10-02 11:23:39] [DEBUG]: Fetching total number of records
[2023-10-02 11:23:39] [DEBUG]: Total number of records: 5
[2023-10-02 11:23:39] [DEBUG]: Request for fetching all products from cache
[2023-10-02 11:23:39] [DEBUG]: Fetching total number of records
[2023-10-02 11:23:39] [DEBUG]: Total number of records: 5
[2023-10-02 11:23:39] [DEBUG]: Request for fetching all products from cache
[2023-10-02 11:23:39] [DEBUG]: Fetching total number of records
[2023-10-02 11:23:39] [DEBUG]: Total number of records: 5
[2023-10-02 11:23:39] [DEBUG]: Request for fetching all products from cache
[2023-10-02 11:23:39] [DEBUG]: Fetching total number of records
[2023-10-02 11:23:39] [DEBUG]: Total number of records: 5
[2023-10-02 11:23:40] [DEBUG]: Request for fetching all products from cache
[2023-10-02 11:23:40] [DEBUG]: Fetching total number of records
[2023-10-02 11:23:40] [DEBUG]: Total number of records: 5
[2023-10-02 11:23:40] [DEBUG]: Request for fetching all products from cache
[2023-10-02 11:23:40] [DEBUG]: Fetching total number of records
[2023-10-02 11:23:40] [DEBUG]: Total number of records: 5
[2023-10-02 11:23:40] [DEBUG]: Request for fetching all products from cache
[2023-10-02 11:23:40] [DEBUG]: Fetching total number of records
[2023-10-02 11:23:40] [DEBUG]: Total number of records: 5
[2023-10-02 11:23:40] [DEBUG]: Request for fetching all products from cache
[2023-10-02 11:23:40] [DEBUG]: Fetching total number of records
[2023-10-02 11:23:40] [DEBUG]: Total number of records: 5
[2023-10-02 11:23:40] [DEBUG]: Request for fetching all products from cache
[2023-10-02 11:23:40] [DEBUG]: Fetching total number of records
[2023-10-02 11:23:40] [DEBUG]: Total number of records: 5
[2023-10-02 11:23:40] [DEBUG]: Request for fetching all products from cache
[2023-10-02 11:23:40] [DEBUG]: Fetching total number of records
[2023-10-02 11:23:40] [DEBUG]: Total number of records: 5
[2023-10-02 11:25:29] [INFO]: Server is running on port 5000
[2023-10-02 11:25:29] [INFO]: Connected to database
[2023-10-02 11:25:29] [INFO]: Connected to Redis
[2023-10-02 11:25:37] [INFO]: Server is running on port 5000
[2023-10-02 11:25:37] [INFO]: Connected to database
[2023-10-02 11:25:37] [INFO]: Connected to Redis
[2023-10-02 11:25:42] [INFO]: Server is running on port 5000
[2023-10-02 11:25:42] [INFO]: Connected to database
[2023-10-02 11:25:42] [INFO]: Connected to Redis
[2023-10-02 11:25:49] [INFO]: Server is running on port 5000
[2023-10-02 11:25:49] [INFO]: Connected to database
[2023-10-02 11:25:49] [INFO]: Connected to Redis
[2023-10-02 11:25:52] [INFO]: Server is running on port 5000
[2023-10-02 11:25:52] [INFO]: Connected to database
[2023-10-02 11:25:52] [INFO]: Connected to Redis
[2023-10-02 11:25:56] [INFO]: Server is running on port 5000
[2023-10-02 11:25:56] [INFO]: Connected to database
[2023-10-02 11:25:56] [INFO]: Connected to Redis
[2023-10-02 11:28:57] [INFO]: Server is running on port 5000
[2023-10-02 11:28:57] [INFO]: Connected to database
[2023-10-02 11:28:57] [INFO]: Connected to Redis
[2023-10-02 11:29:01] [DEBUG]: Request for fetching all products from cache
[2023-10-02 11:29:01] [DEBUG]: Fetching total number of records
[2023-10-02 11:29:01] [DEBUG]: Total number of records: 5
[2023-10-02 11:29:01] [DEBUG]: Request for fetching all products from cache
[2023-10-02 11:29:01] [DEBUG]: Fetching total number of records
[2023-10-02 11:29:01] [DEBUG]: Total number of records: 5
[2023-10-02 11:29:01] [DEBUG]: Request for fetching all products from cache
[2023-10-02 11:29:01] [DEBUG]: Fetching total number of records
[2023-10-02 11:29:01] [DEBUG]: Total number of records: 5
[2023-10-02 11:29:01] [DEBUG]: Request for fetching all products from cache
[2023-10-02 11:29:01] [DEBUG]: Fetching total number of records
[2023-10-02 11:29:01] [DEBUG]: Total number of records: 5
[2023-10-02 11:29:01] [DEBUG]: Request for fetching all products from cache
[2023-10-02 11:29:01] [DEBUG]: Fetching total number of records
[2023-10-02 11:29:01] [DEBUG]: Total number of records: 5
[2023-10-02 11:29:01] [DEBUG]: Request for fetching all products from cache
[2023-10-02 11:29:01] [DEBUG]: Fetching total number of records
[2023-10-02 11:29:01] [DEBUG]: Total number of records: 5
[2023-10-02 11:29:01] [DEBUG]: Request for fetching all products from cache
[2023-10-02 11:29:01] [DEBUG]: Fetching total number of records
[2023-10-02 11:29:01] [DEBUG]: Total number of records: 5
[2023-10-02 11:29:01] [DEBUG]: Request for fetching all products from cache
[2023-10-02 11:29:01] [DEBUG]: Fetching total number of records
[2023-10-02 11:29:01] [DEBUG]: Total number of records: 5
[2023-10-02 11:29:01] [DEBUG]: Request for fetching all products from cache
[2023-10-02 11:29:01] [DEBUG]: Fetching total number of records
[2023-10-02 11:29:01] [DEBUG]: Total number of records: 5
[2023-10-02 11:29:01] [DEBUG]: Request for fetching all products from cache
[2023-10-02 11:29:01] [DEBUG]: Fetching total number of records
[2023-10-02 11:29:01] [DEBUG]: Total number of records: 5
[2023-10-02 11:29:04] [DEBUG]: Request for fetching all products from cache
[2023-10-02 11:29:04] [DEBUG]: Fetching total number of records
[2023-10-02 11:29:04] [DEBUG]: Total number of records: 5
[2023-10-02 11:29:04] [DEBUG]: Request for fetching all products from cache
[2023-10-02 11:29:04] [DEBUG]: Fetching total number of records
[2023-10-02 11:29:04] [DEBUG]: Total number of records: 5
[2023-10-02 11:29:04] [DEBUG]: Request for fetching all products from cache
[2023-10-02 11:29:04] [DEBUG]: Fetching total number of records
[2023-10-02 11:29:04] [DEBUG]: Total number of records: 5
[2023-10-02 11:29:04] [DEBUG]: Request for fetching all products from cache
[2023-10-02 11:29:04] [DEBUG]: Fetching total number of records
[2023-10-02 11:29:04] [DEBUG]: Total number of records: 5
[2023-10-02 11:29:04] [DEBUG]: Request for fetching all products from cache
[2023-10-02 11:29:04] [DEBUG]: Fetching total number of records
[2023-10-02 11:29:04] [DEBUG]: Total number of records: 5
[2023-10-02 11:30:13] [INFO]: Server is running on port 5000
[2023-10-02 11:30:13] [INFO]: Connected to database
[2023-10-02 11:30:13] [INFO]: Connected to Redis
[2023-10-02 11:30:18] [INFO]: Server is running on port 5000
[2023-10-02 11:30:18] [INFO]: Connected to database
[2023-10-02 11:30:18] [INFO]: Connected to Redis
[2023-10-02 11:31:10] [INFO]: Server is running on port 5000
[2023-10-02 11:31:10] [INFO]: Connected to database
[2023-10-02 11:31:10] [INFO]: Connected to Redis
[2023-10-02 11:32:27] [INFO]: Server is running on port 5000
[2023-10-02 11:32:27] [INFO]: Connected to database
[2023-10-02 11:32:27] [INFO]: Connected to Redis
[2023-10-02 11:32:37] [INFO]: Server is running on port 5000
[2023-10-02 11:32:37] [INFO]: Connected to database
[2023-10-02 11:32:37] [INFO]: Connected to Redis
[2023-10-02 11:33:29] [INFO]: Server is running on port 5000
[2023-10-02 11:33:29] [INFO]: Connected to database
[2023-10-02 11:33:29] [INFO]: Connected to Redis
[2023-10-02 11:35:04] [DEBUG]: Request for fetching all products from cache
[2023-10-02 11:35:04] [DEBUG]: Fetching total number of records
[2023-10-02 11:35:04] [DEBUG]: Total number of records: 5
[2023-10-02 11:35:04] [DEBUG]: Fetching all products (Page: 0, Limit: 2)
[2023-10-02 11:35:04] [INFO]: Fetched Products from Cache
[2023-10-02 11:35:11] [DEBUG]: Request for fetching all products from cache
[2023-10-02 11:35:11] [DEBUG]: Fetching total number of records
[2023-10-02 11:35:11] [DEBUG]: Total number of records: 5
[2023-10-02 11:35:11] [DEBUG]: Fetching all products (Page: 1, Limit: 2)
[2023-10-02 11:35:11] [INFO]: Fetched Products from Cache
[2023-10-02 11:35:16] [DEBUG]: Request for fetching all products from cache
[2023-10-02 11:35:16] [DEBUG]: Fetching total number of records
[2023-10-02 11:35:16] [DEBUG]: Total number of records: 5
[2023-10-02 11:35:16] [DEBUG]: Fetching all products (Page: 2, Limit: 2)
[2023-10-02 11:36:10] [INFO]: Server is running on port 5000
[2023-10-02 11:36:10] [INFO]: Connected to database
[2023-10-02 11:36:10] [INFO]: Connected to Redis
[2023-10-02 11:36:18] [DEBUG]: Request for fetching all products from cache
[2023-10-02 11:36:18] [DEBUG]: Fetching total number of records
[2023-10-02 11:36:18] [DEBUG]: Total number of records: 5
[2023-10-02 11:36:18] [DEBUG]: Fetching all products (Page: 0, Limit: 2)
[2023-10-02 11:36:18] [INFO]: Fetched Products from Cache
[2023-10-02 11:36:21] [DEBUG]: Request for fetching all products from cache
[2023-10-02 11:36:21] [DEBUG]: Fetching total number of records
[2023-10-02 11:36:21] [DEBUG]: Total number of records: 5
[2023-10-02 11:36:21] [DEBUG]: Fetching all products (Page: 1, Limit: 2)
[2023-10-02 11:36:21] [INFO]: Fetched Products from Cache
[2023-10-02 11:36:27] [DEBUG]: Request for fetching all products from cache
[2023-10-02 11:36:27] [DEBUG]: Fetching total number of records
[2023-10-02 11:36:27] [DEBUG]: Total number of records: 5
[2023-10-02 11:36:27] [DEBUG]: Fetching all products (Page: 2, Limit: 2)
[2023-10-02 11:36:38] [DEBUG]: Request for fetching all products from cache
[2023-10-02 11:36:38] [DEBUG]: Fetching total number of records
[2023-10-02 11:36:38] [DEBUG]: Total number of records: 5
[2023-10-02 11:36:38] [DEBUG]: Request for fetching all products from cache
[2023-10-02 11:36:38] [DEBUG]: Fetching total number of records
[2023-10-02 11:36:38] [DEBUG]: Total number of records: 5
[2023-10-02 11:36:38] [DEBUG]: Request for fetching all products from cache
[2023-10-02 11:36:38] [DEBUG]: Fetching total number of records
[2023-10-02 11:36:38] [DEBUG]: Total number of records: 5
[2023-10-02 11:36:39] [DEBUG]: Request for fetching all products from cache
[2023-10-02 11:36:39] [DEBUG]: Fetching total number of records
[2023-10-02 11:36:39] [DEBUG]: Total number of records: 5
[2023-10-02 11:36:39] [DEBUG]: Request for fetching all products from cache
[2023-10-02 11:36:39] [DEBUG]: Fetching total number of records
[2023-10-02 11:36:39] [DEBUG]: Total number of records: 5
[2023-10-02 11:36:39] [DEBUG]: Request for fetching all products from cache
[2023-10-02 11:36:39] [DEBUG]: Fetching total number of records
[2023-10-02 11:36:39] [DEBUG]: Total number of records: 5
[2023-10-02 11:36:45] [DEBUG]: Request for fetching all products from cache
[2023-10-02 11:36:45] [DEBUG]: Fetching total number of records
[2023-10-02 11:36:45] [DEBUG]: Total number of records: 5
[2023-10-02 11:36:45] [DEBUG]: Request for fetching all products from cache
[2023-10-02 11:36:45] [DEBUG]: Fetching total number of records
[2023-10-02 11:36:45] [DEBUG]: Total number of records: 5
[2023-10-02 11:36:45] [DEBUG]: Request for fetching all products from cache
[2023-10-02 11:36:45] [DEBUG]: Fetching total number of records
[2023-10-02 11:36:45] [DEBUG]: Total number of records: 5
[2023-10-02 11:36:45] [DEBUG]: Request for fetching all products from cache
[2023-10-02 11:36:45] [DEBUG]: Fetching total number of records
[2023-10-02 11:36:45] [DEBUG]: Total number of records: 5
[2023-10-02 11:36:46] [DEBUG]: Request for fetching all products from cache
[2023-10-02 11:36:46] [DEBUG]: Fetching total number of records
[2023-10-02 11:36:46] [DEBUG]: Total number of records: 5
[2023-10-02 11:36:46] [DEBUG]: Request for fetching all products from cache
[2023-10-02 11:36:46] [DEBUG]: Fetching total number of records
[2023-10-02 11:36:46] [DEBUG]: Total number of records: 5
[2023-10-02 11:36:46] [DEBUG]: Request for fetching all products from cache
[2023-10-02 11:36:46] [DEBUG]: Fetching total number of records
[2023-10-02 11:36:46] [DEBUG]: Total number of records: 5
[2023-10-02 11:36:46] [DEBUG]: Request for fetching all products from cache
[2023-10-02 11:36:46] [DEBUG]: Fetching total number of records
[2023-10-02 11:36:46] [DEBUG]: Total number of records: 5
[2023-10-02 11:36:46] [DEBUG]: Request for fetching all products from cache
[2023-10-02 11:36:46] [DEBUG]: Fetching total number of records
[2023-10-02 11:36:46] [DEBUG]: Total number of records: 5
[2023-10-02 11:36:46] [DEBUG]: Request for fetching all products from cache
[2023-10-02 11:36:46] [DEBUG]: Fetching total number of records
[2023-10-02 11:36:46] [DEBUG]: Total number of records: 5
[2023-10-02 11:36:46] [DEBUG]: Request for fetching all products from cache
[2023-10-02 11:36:46] [DEBUG]: Fetching total number of records
[2023-10-02 11:36:46] [DEBUG]: Total number of records: 5
[2023-10-02 11:36:46] [DEBUG]: Request for fetching all products from cache
[2023-10-02 11:36:46] [DEBUG]: Fetching total number of records
[2023-10-02 11:36:46] [DEBUG]: Total number of records: 5
[2023-10-02 11:36:47] [DEBUG]: Request for fetching all products from cache
[2023-10-02 11:36:47] [DEBUG]: Fetching total number of records
[2023-10-02 11:36:47] [DEBUG]: Total number of records: 5
[2023-10-02 11:36:47] [DEBUG]: Request for fetching all products from cache
[2023-10-02 11:36:47] [DEBUG]: Fetching total number of records
[2023-10-02 11:36:47] [DEBUG]: Total number of records: 5
[2023-10-02 11:36:47] [DEBUG]: Request for fetching all products from cache
[2023-10-02 11:36:47] [DEBUG]: Fetching total number of records
[2023-10-02 11:36:47] [DEBUG]: Total number of records: 5
[2023-10-02 11:36:47] [DEBUG]: Request for fetching all products from cache
[2023-10-02 11:36:47] [DEBUG]: Fetching total number of records
[2023-10-02 11:36:47] [DEBUG]: Total number of records: 5
[2023-10-02 11:36:48] [DEBUG]: Request for fetching all products from cache
[2023-10-02 11:36:48] [DEBUG]: Fetching total number of records
[2023-10-02 11:36:48] [DEBUG]: Total number of records: 5
[2023-10-02 11:36:48] [DEBUG]: Request for fetching all products from cache
[2023-10-02 11:36:48] [DEBUG]: Fetching total number of records
[2023-10-02 11:36:48] [DEBUG]: Total number of records: 5
[2023-10-02 11:36:48] [DEBUG]: Request for fetching all products from cache
[2023-10-02 11:36:48] [DEBUG]: Fetching total number of records
[2023-10-02 11:36:48] [DEBUG]: Total number of records: 5
[2023-10-02 11:36:48] [DEBUG]: Request for fetching all products from cache
[2023-10-02 11:36:48] [DEBUG]: Fetching total number of records
[2023-10-02 11:36:48] [DEBUG]: Total number of records: 5
[2023-10-02 11:36:48] [DEBUG]: Request for fetching all products from cache
[2023-10-02 11:36:48] [DEBUG]: Fetching total number of records
[2023-10-02 11:36:48] [DEBUG]: Total number of records: 5
[2023-10-02 11:36:48] [DEBUG]: Request for fetching all products from cache
[2023-10-02 11:36:48] [DEBUG]: Fetching total number of records
[2023-10-02 11:36:48] [DEBUG]: Total number of records: 5
[2023-10-02 11:36:48] [DEBUG]: Request for fetching all products from cache
[2023-10-02 11:36:48] [DEBUG]: Fetching total number of records
[2023-10-02 11:36:48] [DEBUG]: Total number of records: 5
[2023-10-02 11:36:49] [DEBUG]: Request for fetching all products from cache
[2023-10-02 11:36:49] [DEBUG]: Fetching total number of records
[2023-10-02 11:36:49] [DEBUG]: Total number of records: 5
[2023-10-02 11:36:49] [DEBUG]: Request for fetching all products from cache
[2023-10-02 11:36:49] [DEBUG]: Fetching total number of records
[2023-10-02 11:36:49] [DEBUG]: Total number of records: 5
[2023-10-02 11:36:49] [DEBUG]: Request for fetching all products from cache
[2023-10-02 11:36:49] [DEBUG]: Fetching total number of records
[2023-10-02 11:36:49] [DEBUG]: Total number of records: 5
[2023-10-02 11:36:49] [DEBUG]: Request for fetching all products from cache
[2023-10-02 11:36:49] [DEBUG]: Fetching total number of records
[2023-10-02 11:36:49] [DEBUG]: Total number of records: 5
[2023-10-02 11:36:49] [DEBUG]: Request for fetching all products from cache
[2023-10-02 11:36:49] [DEBUG]: Fetching total number of records
[2023-10-02 11:36:49] [DEBUG]: Total number of records: 5
[2023-10-02 11:37:05] [DEBUG]: Request for fetching all products from cache
[2023-10-02 11:37:05] [DEBUG]: Fetching total number of records
[2023-10-02 11:37:05] [DEBUG]: Total number of records: 5
[2023-10-02 11:37:05] [DEBUG]: Request for fetching all products from cache
[2023-10-02 11:37:05] [DEBUG]: Fetching total number of records
[2023-10-02 11:37:05] [DEBUG]: Total number of records: 5
[2023-10-02 11:37:05] [DEBUG]: Request for fetching all products from cache
[2023-10-02 11:37:05] [DEBUG]: Fetching total number of records
[2023-10-02 11:37:05] [DEBUG]: Total number of records: 5
[2023-10-02 11:37:05] [DEBUG]: Request for fetching all products from cache
[2023-10-02 11:37:05] [DEBUG]: Fetching total number of records
[2023-10-02 11:37:05] [DEBUG]: Total number of records: 5
[2023-10-02 11:37:05] [DEBUG]: Request for fetching all products from cache
[2023-10-02 11:37:05] [DEBUG]: Fetching total number of records
[2023-10-02 11:37:05] [DEBUG]: Total number of records: 5
[2023-10-02 11:37:05] [DEBUG]: Request for fetching all products from cache
[2023-10-02 11:37:05] [DEBUG]: Fetching total number of records
[2023-10-02 11:37:05] [DEBUG]: Total number of records: 5
[2023-10-02 11:37:06] [DEBUG]: Request for fetching all products from cache
[2023-10-02 11:37:06] [DEBUG]: Fetching total number of records
[2023-10-02 11:37:06] [DEBUG]: Total number of records: 5
[2023-10-02 11:37:06] [DEBUG]: Request for fetching all products from cache
[2023-10-02 11:37:06] [DEBUG]: Fetching total number of records
[2023-10-02 11:37:06] [DEBUG]: Total number of records: 5
[2023-10-02 11:37:06] [DEBUG]: Request for fetching all products from cache
[2023-10-02 11:37:06] [DEBUG]: Fetching total number of records
[2023-10-02 11:37:06] [DEBUG]: Total number of records: 5
[2023-10-02 11:37:08] [DEBUG]: Request for searching products
[2023-10-02 11:37:08] [DEBUG]: Fetching Product from ID: {productId}
[2023-10-02 11:37:38] [INFO]: Server is running on port 5000
[2023-10-02 11:37:38] [INFO]: Connected to database
[2023-10-02 11:37:38] [INFO]: Connected to Redis
[2023-10-02 11:37:46] [DEBUG]: Request for fetching all products from cache
[2023-10-02 11:37:46] [DEBUG]: Fetching total number of records
[2023-10-02 11:37:46] [DEBUG]: Total number of records: 5
[2023-10-02 11:37:46] [DEBUG]: Fetching all products (Page: 0, Limit: 2)
[2023-10-02 11:37:46] [INFO]: Fetched Products from Cache
[2023-10-02 11:37:49] [DEBUG]: Request for fetching all products from cache
[2023-10-02 11:37:49] [DEBUG]: Fetching total number of records
[2023-10-02 11:37:49] [DEBUG]: Total number of records: 5
[2023-10-02 11:37:49] [DEBUG]: Fetching all products (Page: 1, Limit: 2)
[2023-10-02 11:37:49] [INFO]: Fetched Products from Cache
[2023-10-02 11:37:52] [DEBUG]: Request for fetching all products from cache
[2023-10-02 11:37:52] [DEBUG]: Fetching total number of records
[2023-10-02 11:37:52] [DEBUG]: Total number of records: 5
[2023-10-02 11:37:52] [DEBUG]: Fetching all products (Page: 2, Limit: 2)
[2023-10-02 11:37:53] [DEBUG]: Request for fetching all products from cache
[2023-10-02 11:37:53] [DEBUG]: Fetching total number of records
[2023-10-02 11:37:53] [DEBUG]: Total number of records: 5
[2023-10-02 11:37:53] [DEBUG]: Request for fetching all products from cache
[2023-10-02 11:37:53] [DEBUG]: Fetching total number of records
[2023-10-02 11:37:53] [DEBUG]: Total number of records: 5
[2023-10-02 11:37:53] [DEBUG]: Request for fetching all products from cache
[2023-10-02 11:37:53] [DEBUG]: Fetching total number of records
[2023-10-02 11:37:53] [DEBUG]: Total number of records: 5
[2023-10-02 11:37:54] [DEBUG]: Request for fetching all products from cache
[2023-10-02 11:37:54] [DEBUG]: Fetching total number of records
[2023-10-02 11:37:54] [DEBUG]: Total number of records: 5
[2023-10-02 11:37:54] [DEBUG]: Request for fetching all products from cache
[2023-10-02 11:37:54] [DEBUG]: Fetching total number of records
[2023-10-02 11:37:54] [DEBUG]: Total number of records: 5
[2023-10-02 11:37:54] [DEBUG]: Request for fetching all products from cache
[2023-10-02 11:37:54] [DEBUG]: Fetching total number of records
[2023-10-02 11:37:54] [DEBUG]: Total number of records: 5
[2023-10-02 11:37:54] [DEBUG]: Request for fetching all products from cache
[2023-10-02 11:37:54] [DEBUG]: Fetching total number of records
[2023-10-02 11:37:54] [DEBUG]: Total number of records: 5
[2023-10-02 11:38:01] [DEBUG]: Request for fetching all products from cache
[2023-10-02 11:38:01] [DEBUG]: Fetching total number of records
[2023-10-02 11:38:01] [DEBUG]: Total number of records: 5
[2023-10-02 11:38:01] [DEBUG]: Request for fetching all products from cache
[2023-10-02 11:38:01] [DEBUG]: Fetching total number of records
[2023-10-02 11:38:01] [DEBUG]: Total number of records: 5
[2023-10-02 11:38:01] [DEBUG]: Request for fetching all products from cache
[2023-10-02 11:38:01] [DEBUG]: Fetching total number of records
[2023-10-02 11:38:01] [DEBUG]: Total number of records: 5
[2023-10-02 11:38:01] [DEBUG]: Request for fetching all products from cache
[2023-10-02 11:38:01] [DEBUG]: Fetching total number of records
[2023-10-02 11:38:01] [DEBUG]: Total number of records: 5
[2023-10-02 11:38:01] [DEBUG]: Request for fetching all products from cache
[2023-10-02 11:38:01] [DEBUG]: Fetching total number of records
[2023-10-02 11:38:01] [DEBUG]: Total number of records: 5
[2023-10-02 11:38:01] [DEBUG]: Request for fetching all products from cache
[2023-10-02 11:38:01] [DEBUG]: Fetching total number of records
[2023-10-02 11:38:01] [DEBUG]: Total number of records: 5
[2023-10-02 11:38:07] [DEBUG]: Request for searching products
[2023-10-02 11:38:07] [DEBUG]: Fetching Product from ID: {productId}
[2023-10-02 11:38:24] [DEBUG]: Request for fetching all products from cache
[2023-10-02 11:38:24] [DEBUG]: Fetching total number of records
[2023-10-02 11:38:24] [DEBUG]: Total number of records: 5
[2023-10-02 11:38:24] [DEBUG]: Fetching all products (Page: 0, Limit: 2)
[2023-10-02 11:38:24] [INFO]: Fetched Products from Cache
[2023-10-02 11:38:29] [DEBUG]: Request for fetching all products from cache
[2023-10-02 11:38:29] [DEBUG]: Fetching total number of records
[2023-10-02 11:38:29] [DEBUG]: Total number of records: 5
[2023-10-02 11:38:29] [DEBUG]: Fetching all products (Page: 1, Limit: 2)
[2023-10-02 11:38:29] [INFO]: Fetched Products from Cache
[2023-10-02 11:38:31] [DEBUG]: Request for fetching all products from cache
[2023-10-02 11:38:31] [DEBUG]: Fetching total number of records
[2023-10-02 11:38:31] [DEBUG]: Total number of records: 5
[2023-10-02 11:38:31] [DEBUG]: Fetching all products (Page: 2, Limit: 2)
[2023-10-02 11:38:37] [DEBUG]: Request for searching products
[2023-10-02 11:38:37] [DEBUG]: Fetching Product from ID: {productId}
[2023-10-02 11:39:25] [INFO]: Server is running on port 5000
[2023-10-02 11:39:25] [INFO]: Connected to database
[2023-10-02 11:39:25] [INFO]: Connected to Redis
[2023-10-02 11:40:52] [INFO]: Server is running on port 5000
[2023-10-02 11:40:52] [INFO]: Connected to database
[2023-10-02 11:40:52] [INFO]: Connected to Redis
[2023-10-02 11:40:57] [DEBUG]: Request for fetching all products from cache
[2023-10-02 11:40:57] [DEBUG]: Fetching total number of records
[2023-10-02 11:40:57] [DEBUG]: Total number of records: 5
[2023-10-02 11:40:57] [DEBUG]: Fetching all products (Page: 0, Limit: 2)
[2023-10-02 11:40:57] [INFO]: Fetched Products from Cache
[2023-10-02 11:41:44] [DEBUG]: Request for fetching all products from cache
[2023-10-02 11:41:44] [DEBUG]: Fetching total number of records
[2023-10-02 11:41:44] [DEBUG]: Total number of records: 5
[2023-10-02 11:41:44] [DEBUG]: Fetching all products (Page: 0, Limit: 2)
[2023-10-02 11:41:44] [INFO]: Fetched Products from Cache
[2023-10-02 11:41:55] [DEBUG]: Request for fetching all products from cache
[2023-10-02 11:41:55] [DEBUG]: Fetching total number of records
[2023-10-02 11:41:55] [DEBUG]: Total number of records: 5
[2023-10-02 11:41:55] [DEBUG]: Fetching all products (Page: 1, Limit: 2)
[2023-10-02 11:41:55] [INFO]: Fetched Products from Cache
[2023-10-02 11:42:00] [DEBUG]: Request for fetching all products from cache
[2023-10-02 11:42:00] [DEBUG]: Fetching total number of records
[2023-10-02 11:42:00] [DEBUG]: Total number of records: 5
[2023-10-02 11:42:00] [DEBUG]: Fetching all products (Page: 2, Limit: 2)
[2023-10-02 11:42:02] [DEBUG]: Request for fetching all products from cache
[2023-10-02 11:42:02] [DEBUG]: Fetching total number of records
[2023-10-02 11:42:02] [DEBUG]: Total number of records: 5
[2023-10-02 11:42:02] [DEBUG]: Request for fetching all products from cache
[2023-10-02 11:42:02] [DEBUG]: Fetching total number of records
[2023-10-02 11:42:02] [DEBUG]: Total number of records: 5
[2023-10-02 11:42:02] [DEBUG]: Request for fetching all products from cache
[2023-10-02 11:42:02] [DEBUG]: Fetching total number of records
[2023-10-02 11:42:02] [DEBUG]: Total number of records: 5
[2023-10-02 11:42:03] [DEBUG]: Request for fetching all products from cache
[2023-10-02 11:42:03] [DEBUG]: Fetching total number of records
[2023-10-02 11:42:03] [DEBUG]: Total number of records: 5
[2023-10-02 11:42:03] [DEBUG]: Request for fetching all products from cache
[2023-10-02 11:42:03] [DEBUG]: Fetching total number of records
[2023-10-02 11:42:03] [DEBUG]: Total number of records: 5
[2023-10-02 11:42:03] [DEBUG]: Request for fetching all products from cache
[2023-10-02 11:42:03] [DEBUG]: Fetching total number of records
[2023-10-02 11:42:03] [DEBUG]: Total number of records: 5
[2023-10-02 11:42:03] [DEBUG]: Request for fetching all products from cache
[2023-10-02 11:42:03] [DEBUG]: Fetching total number of records
[2023-10-02 11:42:03] [DEBUG]: Total number of records: 5
[2023-10-02 11:42:07] [DEBUG]: Request for searching products
[2023-10-02 11:42:07] [DEBUG]: Fetching Product from ID: {productId}
[2023-10-02 11:42:07] [DEBUG]: Request for fetching all products from cache
[2023-10-02 11:42:07] [DEBUG]: Fetching total number of records
[2023-10-02 11:42:07] [DEBUG]: Total number of records: 5
[2023-10-02 11:42:47] [DEBUG]: Request for searching products
[2023-10-02 11:42:47] [DEBUG]: Fetching Product from ID: {productId}
[2023-10-02 11:47:47] [INFO]: Server is running on port 5000
[2023-10-02 11:47:47] [INFO]: Connected to database
[2023-10-02 11:47:47] [INFO]: Connected to Redis
[2023-10-02 11:47:48] [DEBUG]: Request for fetching all products from cache
[2023-10-02 11:47:48] [DEBUG]: Fetching total number of records
[2023-10-02 11:47:48] [DEBUG]: Total number of records: 5
[2023-10-02 11:47:48] [DEBUG]: Fetching all products (Page: 0, Limit: 2)
[2023-10-02 11:47:48] [INFO]: Fetched Products from Cache
[2023-10-02 11:49:14] [DEBUG]: Request for fetching all products from cache
[2023-10-02 11:49:14] [DEBUG]: Fetching total number of records
[2023-10-02 11:49:14] [DEBUG]: Total number of records: 5
[2023-10-02 11:49:14] [DEBUG]: Fetching all products (Page: 0, Limit: 2)
[2023-10-02 11:49:14] [INFO]: Fetched Products from Cache
[2023-10-02 11:49:54] [DEBUG]: Request for fetching all products from cache
[2023-10-02 11:49:54] [DEBUG]: Fetching total number of records
[2023-10-02 11:49:54] [DEBUG]: Total number of records: 5
[2023-10-02 11:49:54] [DEBUG]: Fetching all products (Page: 0, Limit: 2)
[2023-10-02 11:49:54] [INFO]: Fetched Products from Cache
[2023-10-02 11:50:29] [DEBUG]: Request for fetching all products from cache
[2023-10-02 11:50:29] [DEBUG]: Fetching total number of records
[2023-10-02 11:50:29] [DEBUG]: Total number of records: 5
[2023-10-02 11:50:29] [DEBUG]: Fetching all products (Page: 0, Limit: 2)
[2023-10-02 11:50:29] [INFO]: Fetched Products from Cache
[2023-10-02 11:50:43] [DEBUG]: Request for fetching all products from cache
[2023-10-02 11:50:43] [DEBUG]: Fetching total number of records
[2023-10-02 11:50:43] [DEBUG]: Total number of records: 5
[2023-10-02 11:50:43] [DEBUG]: Fetching all products (Page: 0, Limit: 2)
[2023-10-02 11:50:43] [INFO]: Fetched Products from Cache
[2023-10-02 11:50:51] [DEBUG]: Request for fetching all products from cache
[2023-10-02 11:50:51] [DEBUG]: Fetching total number of records
[2023-10-02 11:50:51] [DEBUG]: Total number of records: 5
[2023-10-02 11:50:51] [DEBUG]: Fetching all products (Page: 0, Limit: 2)
[2023-10-02 11:50:51] [INFO]: Fetched Products from Cache
[2023-10-02 11:51:00] [DEBUG]: Request for fetching all products from cache
[2023-10-02 11:51:00] [DEBUG]: Fetching total number of records
[2023-10-02 11:51:00] [DEBUG]: Total number of records: 5
[2023-10-02 11:51:00] [DEBUG]: Fetching all products (Page: 1, Limit: 2)
[2023-10-02 11:51:00] [INFO]: Fetched Products from Cache
[2023-10-02 16:02:07] [INFO]: Server is running on port 5000
[2023-10-02 16:02:07] [INFO]: Connected to database
[2023-10-02 16:02:07] [ERROR]: Redis Error: connect ECONNREFUSED ::1:6379
[2023-10-02 16:02:07] [ERROR]: Redis Error: connect ECONNREFUSED ::1:6379
[2023-10-02 16:02:07] [ERROR]: Redis Error: connect ECONNREFUSED ::1:6379
[2023-10-02 16:02:07] [ERROR]: Redis Error: connect ECONNREFUSED ::1:6379
[2023-10-02 16:02:07] [ERROR]: Redis Error: connect ECONNREFUSED ::1:6379
[2023-10-02 16:02:08] [ERROR]: Redis Error: connect ECONNREFUSED ::1:6379
[2023-10-02 16:02:08] [ERROR]: Redis Error: connect ECONNREFUSED ::1:6379
[2023-10-02 16:02:08] [ERROR]: Redis Error: connect ECONNREFUSED ::1:6379
[2023-10-02 16:02:09] [ERROR]: Redis Error: connect ECONNREFUSED ::1:6379
[2023-10-02 16:02:09] [ERROR]: Redis Error: connect ECONNREFUSED ::1:6379
[2023-10-02 16:02:09] [ERROR]: Redis Error: connect ECONNREFUSED ::1:6379
[2023-10-02 16:02:10] [ERROR]: Redis Error: connect ECONNREFUSED ::1:6379
[2023-10-02 16:02:10] [ERROR]: Redis Error: connect ECONNREFUSED ::1:6379
[2023-10-02 16:02:11] [ERROR]: Redis Error: connect ECONNREFUSED ::1:6379
[2023-10-02 16:02:12] [ERROR]: Redis Error: connect ECONNREFUSED ::1:6379
[2023-10-02 16:02:12] [ERROR]: Redis Error: connect ECONNREFUSED ::1:6379
[2023-10-02 16:02:13] [ERROR]: Redis Error: connect ECONNREFUSED ::1:6379
[2023-10-02 16:02:13] [ERROR]: Redis Error: connect ECONNREFUSED ::1:6379
[2023-10-02 16:02:14] [ERROR]: Redis Error: connect ECONNREFUSED ::1:6379
[2023-10-02 16:02:14] [ERROR]: Redis Error: connect ECONNREFUSED ::1:6379
[2023-10-02 16:02:15] [ERROR]: Redis Error: connect ECONNREFUSED ::1:6379
[2023-10-02 16:02:15] [ERROR]: Redis Error: connect ECONNREFUSED ::1:6379
[2023-10-02 16:02:16] [ERROR]: Redis Error: connect ECONNREFUSED ::1:6379
[2023-10-02 16:02:16] [ERROR]: Redis Error: connect ECONNREFUSED ::1:6379
[2023-10-02 16:02:17] [ERROR]: Redis Error: connect ECONNREFUSED ::1:6379
[2023-10-02 16:02:17] [ERROR]: Redis Error: connect ECONNREFUSED ::1:6379
[2023-10-02 16:02:18] [ERROR]: Redis Error: connect ECONNREFUSED ::1:6379
[2023-10-02 16:02:18] [ERROR]: Redis Error: connect ECONNREFUSED ::1:6379
[2023-10-02 16:02:19] [ERROR]: Redis Error: connect ECONNREFUSED ::1:6379
[2023-10-02 16:02:19] [ERROR]: Redis Error: connect ECONNREFUSED ::1:6379
[2023-10-02 16:02:20] [ERROR]: Redis Error: connect ECONNREFUSED ::1:6379
[2023-10-02 16:02:20] [ERROR]: Redis Error: connect ECONNREFUSED ::1:6379
[2023-10-02 16:02:21] [ERROR]: Redis Error: connect ECONNREFUSED ::1:6379
[2023-10-02 16:02:21] [ERROR]: Redis Error: connect ECONNREFUSED ::1:6379
[2023-10-02 16:02:22] [ERROR]: Redis Error: connect ECONNREFUSED ::1:6379
[2023-10-02 16:02:22] [ERROR]: Redis Error: connect ECONNREFUSED ::1:6379
[2023-10-02 16:02:23] [ERROR]: Redis Error: connect ECONNREFUSED ::1:6379
[2023-10-02 16:02:23] [ERROR]: Redis Error: connect ECONNREFUSED ::1:6379
[2023-10-02 16:02:24] [ERROR]: Redis Error: connect ECONNREFUSED ::1:6379
[2023-10-02 16:02:24] [ERROR]: Redis Error: connect ECONNREFUSED ::1:6379
[2023-10-02 16:02:25] [ERROR]: Redis Error: connect ECONNREFUSED ::1:6379
[2023-10-02 16:02:25] [ERROR]: Redis Error: connect ECONNREFUSED ::1:6379
[2023-10-02 16:02:26] [ERROR]: Redis Error: connect ECONNREFUSED ::1:6379
[2023-10-02 16:02:26] [ERROR]: Redis Error: connect ECONNREFUSED ::1:6379
[2023-10-02 16:02:27] [ERROR]: Redis Error: connect ECONNREFUSED ::1:6379
[2023-10-02 16:02:27] [ERROR]: Redis Error: connect ECONNREFUSED ::1:6379
[2023-10-02 16:02:28] [ERROR]: Redis Error: connect ECONNREFUSED ::1:6379
[2023-10-02 16:02:28] [ERROR]: Redis Error: connect ECONNREFUSED ::1:6379
[2023-10-02 16:02:29] [ERROR]: Redis Error: connect ECONNREFUSED ::1:6379
[2023-10-02 16:02:29] [ERROR]: Redis Error: connect ECONNREFUSED ::1:6379
[2023-10-02 16:02:30] [ERROR]: Redis Error: connect ECONNREFUSED ::1:6379
[2023-10-02 16:02:30] [ERROR]: Redis Error: connect ECONNREFUSED ::1:6379
[2023-10-02 16:02:31] [ERROR]: Redis Error: connect ECONNREFUSED ::1:6379
[2023-10-02 16:02:31] [ERROR]: Redis Error: connect ECONNREFUSED ::1:6379
[2023-10-02 16:02:32] [ERROR]: Redis Error: connect ECONNREFUSED ::1:6379
[2023-10-02 16:02:32] [ERROR]: Redis Error: connect ECONNREFUSED ::1:6379
[2023-10-02 16:02:33] [ERROR]: Redis Error: connect ECONNREFUSED ::1:6379
[2023-10-02 16:02:33] [ERROR]: Redis Error: connect ECONNREFUSED ::1:6379
[2023-10-02 16:02:34] [ERROR]: Redis Error: connect ECONNREFUSED ::1:6379
[2023-10-02 16:02:34] [ERROR]: Redis Error: connect ECONNREFUSED ::1:6379
[2023-10-02 16:02:35] [ERROR]: Redis Error: connect ECONNREFUSED ::1:6379
[2023-10-02 16:02:35] [ERROR]: Redis Error: connect ECONNREFUSED ::1:6379
[2023-10-02 16:02:36] [ERROR]: Redis Error: connect ECONNREFUSED ::1:6379
[2023-10-02 16:02:36] [ERROR]: Redis Error: connect ECONNREFUSED ::1:6379
[2023-10-02 16:02:37] [ERROR]: Redis Error: connect ECONNREFUSED ::1:6379
[2023-10-02 16:02:37] [ERROR]: Redis Error: connect ECONNREFUSED ::1:6379
[2023-10-02 16:02:38] [ERROR]: Redis Error: connect ECONNREFUSED ::1:6379
[2023-10-02 16:02:38] [ERROR]: Redis Error: connect ECONNREFUSED ::1:6379
[2023-10-02 16:02:39] [ERROR]: Redis Error: connect ECONNREFUSED ::1:6379
[2023-10-02 16:02:39] [ERROR]: Redis Error: connect ECONNREFUSED ::1:6379
[2023-10-02 16:02:40] [ERROR]: Redis Error: connect ECONNREFUSED ::1:6379
[2023-10-02 16:02:40] [ERROR]: Redis Error: connect ECONNREFUSED ::1:6379
[2023-10-02 16:02:41] [ERROR]: Redis Error: connect ECONNREFUSED ::1:6379
[2023-10-02 16:02:41] [ERROR]: Redis Error: connect ECONNREFUSED ::1:6379
[2023-10-02 16:02:42] [ERROR]: Redis Error: connect ECONNREFUSED ::1:6379
[2023-10-02 16:02:42] [ERROR]: Redis Error: connect ECONNREFUSED ::1:6379
[2023-10-02 16:02:43] [ERROR]: Redis Error: connect ECONNREFUSED ::1:6379
[2023-10-02 16:02:43] [ERROR]: Redis Error: connect ECONNREFUSED ::1:6379
[2023-10-02 16:02:44] [ERROR]: Redis Error: connect ECONNREFUSED ::1:6379
[2023-10-02 16:02:44] [ERROR]: Redis Error: connect ECONNREFUSED ::1:6379
[2023-10-02 16:02:45] [ERROR]: Redis Error: connect ECONNREFUSED ::1:6379
[2023-10-02 16:02:45] [ERROR]: Redis Error: connect ECONNREFUSED ::1:6379
[2023-10-02 16:02:46] [ERROR]: Redis Error: connect ECONNREFUSED ::1:6379
[2023-10-02 16:02:47] [ERROR]: Redis Error: connect ECONNREFUSED ::1:6379
[2023-10-02 16:02:47] [ERROR]: Redis Error: connect ECONNREFUSED ::1:6379
[2023-10-02 16:02:48] [ERROR]: Redis Error: connect ECONNREFUSED ::1:6379
[2023-10-02 16:02:48] [ERROR]: Redis Error: connect ECONNREFUSED ::1:6379
[2023-10-02 16:02:49] [ERROR]: Redis Error: connect ECONNREFUSED ::1:6379
[2023-10-02 16:02:49] [ERROR]: Redis Error: connect ECONNREFUSED ::1:6379
[2023-10-02 16:02:50] [ERROR]: Redis Error: connect ECONNREFUSED ::1:6379
[2023-10-02 16:02:50] [ERROR]: Redis Error: connect ECONNREFUSED ::1:6379
[2023-10-02 16:02:51] [ERROR]: Redis Error: connect ECONNREFUSED ::1:6379
[2023-10-02 16:02:51] [ERROR]: Redis Error: connect ECONNREFUSED ::1:6379
[2023-10-02 16:02:52] [ERROR]: Redis Error: connect ECONNREFUSED ::1:6379
[2023-10-02 16:02:52] [ERROR]: Redis Error: connect ECONNREFUSED ::1:6379
[2023-10-02 16:02:53] [ERROR]: Redis Error: connect ECONNREFUSED ::1:6379
[2023-10-02 16:02:53] [ERROR]: Redis Error: connect ECONNREFUSED ::1:6379
[2023-10-02 16:02:54] [ERROR]: Redis Error: connect ECONNREFUSED ::1:6379
[2023-10-02 16:02:54] [ERROR]: Redis Error: connect ECONNREFUSED ::1:6379
[2023-10-02 16:02:55] [ERROR]: Redis Error: connect ECONNREFUSED ::1:6379
[2023-10-02 16:02:55] [ERROR]: Redis Error: connect ECONNREFUSED ::1:6379
[2023-10-02 16:02:56] [ERROR]: Redis Error: connect ECONNREFUSED ::1:6379
[2023-10-02 16:02:56] [ERROR]: Redis Error: connect ECONNREFUSED ::1:6379
[2023-10-02 16:02:57] [ERROR]: Redis Error: connect ECONNREFUSED ::1:6379
[2023-10-02 16:02:57] [ERROR]: Redis Error: connect ECONNREFUSED ::1:6379
[2023-10-02 16:02:58] [ERROR]: Redis Error: connect ECONNREFUSED ::1:6379
[2023-10-02 16:02:58] [ERROR]: Redis Error: connect ECONNREFUSED ::1:6379
[2023-10-02 16:02:59] [ERROR]: Redis Error: connect ECONNREFUSED ::1:6379
[2023-10-02 16:02:59] [ERROR]: Redis Error: connect ECONNREFUSED ::1:6379
[2023-10-02 16:03:00] [ERROR]: Redis Error: connect ECONNREFUSED ::1:6379
[2023-10-02 16:03:00] [ERROR]: Redis Error: connect ECONNREFUSED ::1:6379
[2023-10-02 16:03:01] [ERROR]: Redis Error: connect ECONNREFUSED ::1:6379
[2023-10-02 16:03:01] [ERROR]: Redis Error: connect ECONNREFUSED ::1:6379
[2023-10-02 16:03:02] [ERROR]: Redis Error: connect ECONNREFUSED ::1:6379
[2023-10-02 16:03:02] [ERROR]: Redis Error: connect ECONNREFUSED ::1:6379
[2023-10-02 16:03:03] [ERROR]: Redis Error: connect ECONNREFUSED ::1:6379
[2023-10-02 16:03:03] [ERROR]: Redis Error: connect ECONNREFUSED ::1:6379
[2023-10-02 16:03:04] [ERROR]: Redis Error: connect ECONNREFUSED ::1:6379
[2023-10-02 16:03:04] [ERROR]: Redis Error: connect ECONNREFUSED ::1:6379
[2023-10-02 16:03:05] [ERROR]: Redis Error: connect ECONNREFUSED ::1:6379
[2023-10-02 16:03:05] [ERROR]: Redis Error: connect ECONNREFUSED ::1:6379
[2023-10-02 16:03:06] [ERROR]: Redis Error: connect ECONNREFUSED ::1:6379
[2023-10-02 16:03:06] [ERROR]: Redis Error: connect ECONNREFUSED ::1:6379
[2023-10-02 16:03:07] [ERROR]: Redis Error: connect ECONNREFUSED ::1:6379
[2023-10-02 16:03:07] [ERROR]: Redis Error: connect ECONNREFUSED ::1:6379
[2023-10-02 16:03:08] [ERROR]: Redis Error: connect ECONNREFUSED ::1:6379
[2023-10-02 16:03:08] [ERROR]: Redis Error: connect ECONNREFUSED ::1:6379
[2023-10-02 16:03:09] [ERROR]: Redis Error: connect ECONNREFUSED ::1:6379
[2023-10-02 16:03:09] [ERROR]: Redis Error: connect ECONNREFUSED ::1:6379
[2023-10-02 16:03:10] [ERROR]: Redis Error: connect ECONNREFUSED ::1:6379
[2023-10-02 16:03:10] [ERROR]: Redis Error: connect ECONNREFUSED ::1:6379
[2023-10-02 16:03:11] [ERROR]: Redis Error: connect ECONNREFUSED ::1:6379
[2023-10-02 16:03:11] [ERROR]: Redis Error: connect ECONNREFUSED ::1:6379
[2023-10-02 16:03:12] [ERROR]: Redis Error: connect ECONNREFUSED ::1:6379
[2023-10-02 16:03:12] [ERROR]: Redis Error: connect ECONNREFUSED ::1:6379
[2023-10-02 16:03:13] [ERROR]: Redis Error: connect ECONNREFUSED ::1:6379
[2023-10-02 16:03:13] [ERROR]: Redis Error: connect ECONNREFUSED ::1:6379
[2023-10-02 16:03:14] [ERROR]: Redis Error: connect ECONNREFUSED ::1:6379
[2023-10-02 16:03:14] [ERROR]: Redis Error: connect ECONNREFUSED ::1:6379
[2023-10-02 16:03:15] [ERROR]: Redis Error: connect ECONNREFUSED ::1:6379
[2023-10-02 16:03:15] [ERROR]: Redis Error: connect ECONNREFUSED ::1:6379
[2023-10-02 16:03:16] [ERROR]: Redis Error: connect ECONNREFUSED ::1:6379
[2023-10-02 16:03:16] [ERROR]: Redis Error: connect ECONNREFUSED ::1:6379
[2023-10-02 16:03:17] [ERROR]: Redis Error: connect ECONNREFUSED ::1:6379
[2023-10-02 16:03:17] [ERROR]: Redis Error: connect ECONNREFUSED ::1:6379
[2023-10-02 16:03:18] [INFO]: Connected to Redis
[2023-10-02 16:03:18] [DEBUG]: Request for fetching all products from cache
[2023-10-02 16:03:18] [DEBUG]: Fetching total number of records
[2023-10-02 16:03:18] [DEBUG]: Total number of records: 5
[2023-10-02 16:03:18] [DEBUG]: Fetching all products (Page: 0, Limit: 2)
[2023-10-02 16:03:26] [DEBUG]: Request for fetching all products from cache
[2023-10-02 16:03:26] [DEBUG]: Fetching total number of records
[2023-10-02 16:03:26] [DEBUG]: Total number of records: 5
[2023-10-02 16:03:26] [DEBUG]: Fetching all products (Page: 0, Limit: 2)
[2023-10-02 16:03:26] [INFO]: Fetched Products from Cache
[2023-10-02 16:03:28] [DEBUG]: Request for fetching all products from cache
[2023-10-02 16:03:28] [DEBUG]: Fetching total number of records
[2023-10-02 16:03:28] [DEBUG]: Total number of records: 5
[2023-10-02 16:03:28] [DEBUG]: Fetching all products (Page: 1, Limit: 2)
[2023-10-02 16:03:39] [DEBUG]: Request for fetching all products from cache
[2023-10-02 16:03:39] [DEBUG]: Fetching total number of records
[2023-10-02 16:03:39] [DEBUG]: Total number of records: 5
[2023-10-02 16:03:39] [DEBUG]: Fetching all products (Page: 2, Limit: 2)
[2023-10-02 16:03:43] [DEBUG]: Request for fetching all products from cache
[2023-10-02 16:03:43] [DEBUG]: Fetching total number of records
[2023-10-02 16:03:43] [DEBUG]: Total number of records: 5
[2023-10-02 16:03:43] [DEBUG]: Request for fetching all products from cache
[2023-10-02 16:03:43] [DEBUG]: Fetching total number of records
[2023-10-02 16:03:43] [DEBUG]: Total number of records: 5
[2023-10-02 16:03:43] [DEBUG]: Request for fetching all products from cache
[2023-10-02 16:03:43] [DEBUG]: Fetching total number of records
[2023-10-02 16:03:43] [DEBUG]: Total number of records: 5
[2023-10-02 16:03:44] [DEBUG]: Request for fetching all products from cache
[2023-10-02 16:03:44] [DEBUG]: Fetching total number of records
[2023-10-02 16:03:44] [DEBUG]: Total number of records: 5
[2023-10-02 16:03:44] [DEBUG]: Request for fetching all products from cache
[2023-10-02 16:03:44] [DEBUG]: Fetching total number of records
[2023-10-02 16:03:44] [DEBUG]: Total number of records: 5
[2023-10-02 16:03:44] [DEBUG]: Request for fetching all products from cache
[2023-10-02 16:03:44] [DEBUG]: Fetching total number of records
[2023-10-02 16:03:44] [DEBUG]: Total number of records: 5
[2023-10-02 16:03:45] [DEBUG]: Request for fetching all products from cache
[2023-10-02 16:03:45] [DEBUG]: Fetching total number of records
[2023-10-02 16:03:45] [DEBUG]: Total number of records: 5
[2023-10-02 16:03:45] [DEBUG]: Request for fetching all products from cache
[2023-10-02 16:03:45] [DEBUG]: Fetching total number of records
[2023-10-02 16:03:45] [DEBUG]: Total number of records: 5
[2023-10-02 16:03:45] [DEBUG]: Request for fetching all products from cache
[2023-10-02 16:03:45] [DEBUG]: Fetching total number of records
[2023-10-02 16:03:45] [DEBUG]: Total number of records: 5
[2023-10-02 16:03:46] [DEBUG]: Request for fetching all products from cache
[2023-10-02 16:03:46] [DEBUG]: Fetching total number of records
[2023-10-02 16:03:46] [DEBUG]: Total number of records: 5
[2023-10-02 16:03:46] [DEBUG]: Request for fetching all products from cache
[2023-10-02 16:03:46] [DEBUG]: Fetching total number of records
[2023-10-02 16:03:46] [DEBUG]: Total number of records: 5
[2023-10-02 16:03:53] [DEBUG]: Request for fetching all products from cache
[2023-10-02 16:03:53] [DEBUG]: Fetching total number of records
[2023-10-02 16:03:53] [DEBUG]: Total number of records: 5
[2023-10-02 16:03:53] [DEBUG]: Request for fetching all products from cache
[2023-10-02 16:03:53] [DEBUG]: Fetching total number of records
[2023-10-02 16:03:53] [DEBUG]: Total number of records: 5
[2023-10-02 16:03:53] [DEBUG]: Request for fetching all products from cache
[2023-10-02 16:03:53] [DEBUG]: Fetching total number of records
[2023-10-02 16:03:53] [DEBUG]: Total number of records: 5
[2023-10-02 16:03:53] [DEBUG]: Request for fetching all products from cache
[2023-10-02 16:03:53] [DEBUG]: Fetching total number of records
[2023-10-02 16:03:53] [DEBUG]: Total number of records: 5
[2023-10-02 16:03:53] [DEBUG]: Request for fetching all products from cache
[2023-10-02 16:03:53] [DEBUG]: Fetching total number of records
[2023-10-02 16:03:53] [DEBUG]: Total number of records: 5
[2023-10-02 16:03:56] [DEBUG]: Request for searching products
[2023-10-02 16:03:56] [DEBUG]: Fetching Product from ID: 3
[2023-10-02 16:04:09] [DEBUG]: Request for fetching all products from cache
[2023-10-02 16:04:09] [DEBUG]: Fetching total number of records
[2023-10-02 16:04:09] [DEBUG]: Total number of records: 5
[2023-10-02 16:04:09] [DEBUG]: Fetching all products (Page: 0, Limit: 2)
[2023-10-02 16:04:09] [INFO]: Fetched Products from Cache
[2023-10-02 16:04:18] [DEBUG]: Request for searching products
[2023-10-02 16:04:18] [INFO]: Product found in cache
[2023-10-02 16:04:23] [DEBUG]: Request for searching products
[2023-10-02 16:04:23] [DEBUG]: Fetching Product from ID: 4
[2023-10-02 16:04:29] [DEBUG]: Request for searching products
[2023-10-02 16:04:29] [INFO]: Product found in cache
[2023-10-02 16:04:32] [DEBUG]: Request for searching products
[2023-10-02 16:04:32] [INFO]: Product found in cache
[2023-10-02 16:04:35] [DEBUG]: Request for searching products
[2023-10-02 16:04:35] [DEBUG]: Fetching Product from ID: 2
[2023-10-02 16:04:37] [DEBUG]: Request for searching products
[2023-10-02 16:04:37] [DEBUG]: Fetching Product from ID: 1
[2023-10-02 16:04:39] [DEBUG]: Request for searching products
[2023-10-02 16:04:39] [INFO]: Product found in cache
[2023-10-02 16:04:42] [DEBUG]: Request for searching products
[2023-10-02 16:04:42] [INFO]: Product found in cache
[2023-10-02 16:05:02] [INFO]: Server is running on port 5000
[2023-10-02 16:05:02] [INFO]: Connected to database
[2023-10-02 16:05:02] [INFO]: Connected to Redis
[2023-10-02 16:05:38] [INFO]: Server is running on port 5000
[2023-10-02 16:05:38] [INFO]: Connected to database
[2023-10-02 16:05:38] [INFO]: Connected to Redis
[2023-10-02 16:06:35] [INFO]: Server is running on port 5000
[2023-10-02 16:06:35] [INFO]: Connected to database
[2023-10-02 16:06:35] [INFO]: Connected to Redis
[2023-10-02 16:07:01] [DEBUG]: Request for fetching all products from cache
[2023-10-02 16:07:01] [DEBUG]: Fetching total number of records
[2023-10-02 16:07:01] [DEBUG]: Total number of records: 5
[2023-10-02 16:07:01] [DEBUG]: Fetching all products (Page: 0, Limit: 2)
[2023-10-02 16:07:01] [INFO]: Fetched Products from Cache
[2023-10-02 16:10:05] [INFO]: Server is running on port 5000
[2023-10-02 16:10:05] [INFO]: Connected to database
[2023-10-02 16:10:05] [INFO]: Connected to Redis
[2023-10-02 16:16:11] [INFO]: Server is running on port 5000
[2023-10-02 16:16:11] [INFO]: Connected to database
[2023-10-02 16:16:11] [INFO]: Connected to Redis
[2023-10-02 16:16:32] [INFO]: Server is running on port 5000
[2023-10-02 16:16:32] [INFO]: Connected to database
[2023-10-02 16:16:32] [INFO]: Connected to Redis
[2023-10-02 16:18:26] [INFO]: Server is running on port 5000
[2023-10-02 16:18:26] [INFO]: Connected to database
[2023-10-02 16:18:26] [INFO]: Connected to Redis
[2023-10-02 16:18:50] [INFO]: Server is running on port 5000
[2023-10-02 16:18:50] [INFO]: Connected to database
[2023-10-02 16:18:50] [INFO]: Connected to Redis
[2023-10-02 16:18:55] [INFO]: Server is running on port 5000
[2023-10-02 16:18:55] [INFO]: Connected to database
[2023-10-02 16:18:55] [INFO]: Connected to Redis
[2023-10-02 16:20:28] [INFO]: Server is running on port 5000
[2023-10-02 16:20:28] [INFO]: Connected to database
[2023-10-02 16:20:28] [INFO]: Connected to Redis
[2023-10-02 16:20:29] [INFO]: Server is running on port 5000
[2023-10-02 16:20:29] [INFO]: Connected to database
[2023-10-02 16:20:29] [INFO]: Connected to Redis
[2023-10-02 16:23:39] [INFO]: Server is running on port 5000
[2023-10-02 16:23:39] [INFO]: Connected to database
[2023-10-02 16:23:39] [INFO]: Connected to Redis
[2023-10-02 16:24:13] [INFO]: Server is running on port 5000
[2023-10-02 16:24:13] [INFO]: Connected to database
[2023-10-02 16:24:13] [INFO]: Connected to Redis
[2023-10-02 16:52:59] [INFO]: Server is running on port 5000
[2023-10-02 16:52:59] [INFO]: Connected to database
[2023-10-02 16:52:59] [INFO]: Connected to Redis
[2023-10-02 16:56:37] [INFO]: Server is running on port 5000
[2023-10-02 16:56:37] [INFO]: Connected to database
[2023-10-02 16:56:37] [INFO]: Connected to Redis
[2023-10-02 16:56:40] [INFO]: Server is running on port 5000
[2023-10-02 16:56:40] [INFO]: Connected to database
[2023-10-02 16:56:40] [INFO]: Connected to Redis
[2023-10-02 16:58:57] [DEBUG]: Request for fetching all products from cache
[2023-10-02 16:58:57] [DEBUG]: Fetching total number of records
[2023-10-02 16:58:57] [DEBUG]: Total number of records: 5
[2023-10-02 16:58:57] [DEBUG]: Fetching all products (Page: 0, Limit: 2)
[2023-10-02 16:58:57] [INFO]: Fetched Products from Cache
[2023-10-02 17:00:53] [INFO]: Server is running on port 5000
[2023-10-02 17:00:53] [INFO]: Connected to database
[2023-10-02 17:00:53] [INFO]: Connected to Redis
[2023-10-02 17:03:26] [INFO]: Server is running on port 5000
[2023-10-02 17:03:26] [INFO]: Connected to database
[2023-10-02 17:03:26] [INFO]: Connected to Redis
[2023-10-02 17:04:14] [INFO]: Server is running on port 5000
[2023-10-02 17:04:14] [INFO]: Connected to database
[2023-10-02 17:04:14] [INFO]: Connected to Redis
[2023-10-02 17:04:30] [DEBUG]: Request for fetching all products from cache
[2023-10-02 17:04:30] [DEBUG]: Fetching total number of records
[2023-10-02 17:04:30] [DEBUG]: Total number of records: 5
[2023-10-02 17:04:30] [DEBUG]: Fetching all products (Page: 0, Limit: 2)
[2023-10-02 17:04:38] [DEBUG]: Request for fetching all products from cache
[2023-10-02 17:04:38] [DEBUG]: Fetching total number of records
[2023-10-02 17:04:38] [DEBUG]: Total number of records: 5
[2023-10-02 17:04:38] [DEBUG]: Fetching all products (Page: 1, Limit: 2)
[2023-10-02 17:04:41] [DEBUG]: Request for fetching all products from cache
[2023-10-02 17:04:41] [DEBUG]: Fetching total number of records
[2023-10-02 17:04:41] [DEBUG]: Total number of records: 5
[2023-10-02 17:04:41] [DEBUG]: Fetching all products (Page: 0, Limit: 2)
[2023-10-02 17:04:41] [INFO]: Fetched Products from Cache
[2023-10-02 17:08:00] [INFO]: Server is running on port 5000
[2023-10-02 17:08:00] [INFO]: Connected to database
[2023-10-02 17:08:00] [INFO]: Connected to Redis
[2023-10-02 17:09:42] [INFO]: Server is running on port 5000
[2023-10-02 17:09:42] [INFO]: Connected to database
[2023-10-02 17:09:42] [INFO]: Connected to Redis
[2023-10-02 17:12:05] [INFO]: Server is running on port 5000
[2023-10-02 17:12:05] [INFO]: Connected to database
[2023-10-02 17:12:05] [INFO]: Connected to Redis
[2023-10-02 17:12:07] [INFO]: Server is running on port 5000
[2023-10-02 17:12:07] [INFO]: Connected to database
[2023-10-02 17:12:07] [INFO]: Connected to Redis
[2023-10-02 17:12:21] [INFO]: Server is running on port 5000
[2023-10-02 17:12:21] [INFO]: Connected to database
[2023-10-02 17:12:21] [INFO]: Connected to Redis
[2023-10-02 17:13:34] [INFO]: Server is running on port 5000
[2023-10-02 17:13:34] [INFO]: Connected to database
[2023-10-02 17:13:34] [INFO]: Connected to Redis
[2023-10-02 17:13:45] [INFO]: Server is running on port 5000
[2023-10-02 17:13:45] [INFO]: Connected to database
[2023-10-02 17:13:45] [INFO]: Connected to Redis
[2023-10-02 17:13:57] [INFO]: Server is running on port 5000
[2023-10-02 17:13:57] [INFO]: Connected to database
[2023-10-02 17:13:57] [INFO]: Connected to Redis
[2023-10-02 17:14:21] [INFO]: Server is running on port 5000
[2023-10-02 17:14:21] [INFO]: Connected to database
[2023-10-02 17:14:21] [INFO]: Connected to Redis
[2023-10-02 17:17:29] [INFO]: Server is running on port 5000
[2023-10-02 17:17:29] [INFO]: Connected to database
[2023-10-02 17:17:29] [INFO]: Connected to Redis
[2023-10-02 17:22:42] [INFO]: Server is running on port 5000
[2023-10-02 17:22:42] [INFO]: Connected to database
[2023-10-02 17:22:42] [INFO]: Connected to Redis
[2023-10-02 17:23:52] [INFO]: Server is running on port 5000
[2023-10-02 17:23:52] [INFO]: Connected to database
[2023-10-02 17:23:52] [INFO]: Connected to Redis
[2023-10-02 17:24:11] [INFO]: Server is running on port 5000
[2023-10-02 17:24:11] [INFO]: Connected to database
[2023-10-02 17:24:11] [INFO]: Connected to Redis
[2023-10-02 17:28:16] [INFO]: Server is running on port 5000
[2023-10-02 17:28:16] [INFO]: Connected to database
[2023-10-02 17:28:16] [INFO]: Connected to Redis
[2023-10-02 17:29:55] [INFO]: Server is running on port 5000
[2023-10-02 17:29:55] [INFO]: Connected to database
[2023-10-02 17:29:55] [INFO]: Connected to Redis
[2023-10-02 17:31:41] [INFO]: Server is running on port 5000
[2023-10-02 17:31:41] [INFO]: Connected to database
[2023-10-02 17:31:41] [INFO]: Connected to Redis
[2023-10-02 17:34:28] [INFO]: Server is running on port 5000
[2023-10-02 17:34:28] [INFO]: Connected to database
[2023-10-02 17:34:28] [INFO]: Connected to Redis
[2023-10-02 17:38:26] [INFO]: Server is running on port 5000
[2023-10-02 17:38:26] [INFO]: Connected to database
[2023-10-02 17:38:27] [INFO]: Connected to Redis
[2023-10-02 18:04:40] [INFO]: Server is running on port 5000
[2023-10-02 18:04:40] [INFO]: Connected to database
[2023-10-02 18:04:40] [INFO]: Connected to Redis
[2023-10-02 18:04:46] [INFO]: Server is running on port 5000
[2023-10-02 18:04:46] [INFO]: Connected to database
[2023-10-02 18:04:46] [INFO]: Connected to Redis
[2023-10-02 18:48:08] [INFO]: Server is running on port 5000
[2023-10-02 18:48:08] [INFO]: Connected to database
[2023-10-02 18:48:08] [INFO]: Connected to Redis
[2023-10-02 18:48:12] [INFO]: Server is running on port 5000
[2023-10-02 18:48:12] [INFO]: Connected to database
[2023-10-02 18:48:12] [INFO]: Connected to Redis
[2023-10-02 18:48:41] [INFO]: Server is running on port 5000
[2023-10-02 18:48:41] [INFO]: Connected to database
[2023-10-02 18:48:41] [INFO]: Connected to Redis
[2023-10-02 18:48:56] [INFO]: Server is running on port 5000
[2023-10-02 18:48:56] [INFO]: Connected to database
[2023-10-02 18:48:56] [INFO]: Connected to Redis
[2023-10-02 18:50:02] [INFO]: Server is running on port 5000
[2023-10-02 18:50:02] [INFO]: Connected to database
[2023-10-02 18:50:02] [INFO]: Connected to Redis
[2023-10-02 19:22:19] [INFO]: Server is running on port 5000
[2023-10-02 19:22:19] [INFO]: Connected to database
[2023-10-02 19:22:19] [INFO]: Connected to Redis
[2023-10-02 19:32:37] [INFO]: Server is running on port 5000
[2023-10-02 19:32:37] [INFO]: Connected to database
[2023-10-02 19:32:37] [INFO]: Connected to Redis
[2023-10-02 19:33:26] [INFO]: Server is running on port 5000
[2023-10-02 19:33:26] [INFO]: Connected to database
[2023-10-02 19:33:26] [INFO]: Connected to Redis
[2023-10-02 19:33:33] [INFO]: Server is running on port 5000
[2023-10-02 19:33:33] [INFO]: Connected to database
[2023-10-02 19:33:33] [INFO]: Connected to Redis
[2023-10-02 19:33:45] [INFO]: Server is running on port 5000
[2023-10-02 19:33:45] [INFO]: Connected to database
[2023-10-02 19:33:45] [INFO]: Connected to Redis
[2023-10-02 19:33:50] [INFO]: Server is running on port 5000
[2023-10-02 19:33:50] [INFO]: Connected to database
[2023-10-02 19:33:50] [INFO]: Connected to Redis
[2023-10-02 19:34:03] [INFO]: Server is running on port 5000
[2023-10-02 19:34:03] [INFO]: Connected to database
[2023-10-02 19:34:03] [INFO]: Connected to Redis
[2023-10-02 19:34:11] [INFO]: Server is running on port 5000
[2023-10-02 19:34:11] [INFO]: Connected to database
[2023-10-02 19:34:11] [INFO]: Connected to Redis
[2023-10-02 19:50:26] [INFO]: Server is running on port 5000
[2023-10-02 19:50:26] [INFO]: Connected to database
[2023-10-02 19:50:26] [INFO]: Connected to Redis
[2023-10-02 19:50:51] [INFO]: Server is running on port 5000
[2023-10-02 19:50:51] [INFO]: Connected to database
[2023-10-02 19:50:51] [INFO]: Connected to Redis
[2023-10-02 19:55:20] [INFO]: Server is running on port 5000
[2023-10-02 19:55:20] [INFO]: Connected to database
[2023-10-02 19:55:20] [INFO]: Connected to Redis
[2023-10-02 19:55:51] [INFO]: Server is running on port 5000
[2023-10-02 19:55:51] [INFO]: Connected to database
[2023-10-02 19:55:51] [INFO]: Connected to Redis
[2023-10-02 20:40:37] [INFO]: Server is running on port 5000
[2023-10-02 20:40:37] [INFO]: Connected to database
[2023-10-02 20:40:37] [INFO]: Connected to Redis
[2023-10-02 20:40:41] [INFO]: Server is running on port 5000
[2023-10-02 20:40:41] [INFO]: Connected to database
[2023-10-02 20:40:41] [INFO]: Connected to Redis
[2023-10-02 21:27:16] [INFO]: Server is running on port 5000
[2023-10-02 21:27:16] [INFO]: Connected to database
[2023-10-02 21:27:16] [INFO]: Connected to Redis
