[2023-10-01 21:04:44] [INFO]: Server is running on port 5000
[2023-10-01 21:04:49] [INFO]: Fetching total number of records
[2023-10-01 21:04:49] [INFO]: Total number of records: 5
[2023-10-01 21:04:49] [INFO]: Fetching products (Page: 0, Limit: 2)
[2023-10-01 21:04:56] [INFO]: Fetching total number of records
[2023-10-01 21:04:56] [INFO]: Total number of records: 5
[2023-10-01 21:04:56] [INFO]: Fetching products (Page: 1, Limit: 2)
[2023-10-01 21:04:59] [INFO]: Fetching total number of records
[2023-10-01 21:04:59] [INFO]: Total number of records: 5
[2023-10-01 21:04:59] [INFO]: Fetching products (Page: 2, Limit: 2)
[2023-10-01 21:05:04] [INFO]: Fetching total number of records
[2023-10-01 21:05:04] [INFO]: Total number of records: 5
[2023-10-01 21:05:04] [INFO]: Fetching total number of records
[2023-10-01 21:05:04] [INFO]: Total number of records: 5
[2023-10-01 21:05:04] [INFO]: Fetching total number of records
[2023-10-01 21:05:04] [INFO]: Total number of records: 5
[2023-10-01 21:05:06] [INFO]: Fetching total number of records
[2023-10-01 21:05:06] [INFO]: Total number of records: 5
[2023-10-01 21:05:06] [INFO]: Fetching total number of records
[2023-10-01 21:05:06] [INFO]: Total number of records: 5
[2023-10-01 21:05:06] [INFO]: Fetching total number of records
[2023-10-01 21:05:06] [INFO]: Total number of records: 5
[2023-10-01 21:05:06] [INFO]: Fetching total number of records
[2023-10-01 21:05:06] [INFO]: Total number of records: 5
[2023-10-01 21:05:06] [INFO]: Fetching total number of records
[2023-10-01 21:05:06] [INFO]: Total number of records: 5
[2023-10-01 21:05:06] [INFO]: Fetching total number of records
[2023-10-01 21:05:06] [INFO]: Total number of records: 5
[2023-10-01 21:05:06] [INFO]: Fetching total number of records
[2023-10-01 21:05:06] [INFO]: Total number of records: 5
[2023-10-01 21:05:06] [INFO]: Fetching total number of records
[2023-10-01 21:05:06] [INFO]: Total number of records: 5
[2023-10-01 21:05:50] [INFO]: Server is running on port 5000
[2023-10-01 21:05:54] [INFO]: Server is running on port 5000
[2023-10-01 21:06:09] [INFO]: Server is running on port 5000
[2023-10-01 21:06:47] [INFO]: Server is running on port 5000
[2023-10-01 21:06:58] [INFO]: Server is running on port 5000
[2023-10-01 21:07:01] [INFO]: Server is running on port 5000
[2023-10-01 21:07:09] [INFO]: Server is running on port 5000
[2023-10-01 21:07:13] [INFO]: Server is running on port 5000
[2023-10-01 21:07:53] [INFO]: Server is running on port 5000
[2023-10-01 21:09:09] [INFO]: Server is running on port 5000
[2023-10-01 21:09:12] [DEBUG]: Request for fetching products
[2023-10-01 21:09:12] [DEBUG]: Fetching total number of records
[2023-10-01 21:09:12] [DEBUG]: Total number of records: 5
[2023-10-01 21:09:12] [INFO]: Fetching products (Page: 0, Limit: 2)
[2023-10-01 21:09:20] [DEBUG]: Request for fetching products
[2023-10-01 21:09:20] [DEBUG]: Fetching total number of records
[2023-10-01 21:09:20] [DEBUG]: Total number of records: 5
[2023-10-01 21:09:20] [INFO]: Fetching products (Page: 1, Limit: 2)
[2023-10-01 21:09:23] [DEBUG]: Request for fetching products
[2023-10-01 21:09:23] [DEBUG]: Fetching total number of records
[2023-10-01 21:09:23] [DEBUG]: Total number of records: 5
[2023-10-01 21:09:23] [INFO]: Fetching products (Page: 2, Limit: 2)
[2023-10-01 21:09:26] [DEBUG]: Request for fetching products
[2023-10-01 21:09:26] [DEBUG]: Fetching total number of records
[2023-10-01 21:09:26] [DEBUG]: Total number of records: 5
[2023-10-01 21:09:26] [DEBUG]: Request for fetching products
[2023-10-01 21:09:26] [DEBUG]: Fetching total number of records
[2023-10-01 21:09:26] [DEBUG]: Total number of records: 5
[2023-10-01 21:09:26] [DEBUG]: Request for fetching products
[2023-10-01 21:09:26] [DEBUG]: Fetching total number of records
[2023-10-01 21:09:26] [DEBUG]: Total number of records: 5
[2023-10-01 21:09:35] [DEBUG]: Request for fetching products
[2023-10-01 21:09:35] [DEBUG]: Fetching total number of records
[2023-10-01 21:09:35] [DEBUG]: Total number of records: 5
[2023-10-01 21:09:35] [DEBUG]: Request for fetching products
[2023-10-01 21:09:35] [DEBUG]: Fetching total number of records
[2023-10-01 21:09:35] [DEBUG]: Total number of records: 5
[2023-10-01 21:09:35] [DEBUG]: Request for fetching products
[2023-10-01 21:09:35] [DEBUG]: Fetching total number of records
[2023-10-01 21:09:35] [DEBUG]: Total number of records: 5
[2023-10-01 21:09:35] [DEBUG]: Request for fetching products
[2023-10-01 21:09:35] [DEBUG]: Fetching total number of records
[2023-10-01 21:09:35] [DEBUG]: Total number of records: 5
[2023-10-01 21:09:35] [DEBUG]: Request for fetching products
[2023-10-01 21:09:35] [DEBUG]: Fetching total number of records
[2023-10-01 21:09:35] [DEBUG]: Total number of records: 5
[2023-10-01 21:09:38] [DEBUG]: Request for searching products
[2023-10-01 21:09:49] [DEBUG]: Request for fetching products
[2023-10-01 21:09:49] [DEBUG]: Fetching total number of records
[2023-10-01 21:09:49] [DEBUG]: Total number of records: 5
[2023-10-01 21:09:49] [INFO]: Fetching products (Page: 0, Limit: 2)
[2023-10-01 21:10:27] [DEBUG]: Request for fetching products
[2023-10-01 21:10:27] [DEBUG]: Fetching total number of records
[2023-10-01 21:10:27] [DEBUG]: Total number of records: 5
[2023-10-01 21:10:27] [INFO]: Fetching products (Page: 0, Limit: 2)
[2023-10-01 21:10:28] [DEBUG]: Request for fetching products
[2023-10-01 21:10:28] [DEBUG]: Fetching total number of records
[2023-10-01 21:10:28] [DEBUG]: Total number of records: 5
[2023-10-01 21:10:28] [INFO]: Fetching products (Page: 0, Limit: 2)
[2023-10-01 21:10:30] [DEBUG]: Request for fetching products
[2023-10-01 21:10:30] [DEBUG]: Fetching total number of records
[2023-10-01 21:10:30] [DEBUG]: Total number of records: 5
[2023-10-01 21:10:30] [INFO]: Fetching products (Page: 0, Limit: 2)
[2023-10-01 21:10:33] [DEBUG]: Request for fetching products
[2023-10-01 21:10:33] [DEBUG]: Fetching total number of records
[2023-10-01 21:10:33] [DEBUG]: Total number of records: 5
[2023-10-01 21:10:33] [INFO]: Fetching products (Page: 1, Limit: 2)
[2023-10-01 21:10:36] [DEBUG]: Request for fetching products
[2023-10-01 21:10:36] [DEBUG]: Fetching total number of records
[2023-10-01 21:10:36] [DEBUG]: Total number of records: 5
[2023-10-01 21:10:36] [INFO]: Fetching products (Page: 2, Limit: 2)
[2023-10-01 21:10:39] [DEBUG]: Request for fetching products
[2023-10-01 21:10:39] [DEBUG]: Fetching total number of records
[2023-10-01 21:10:39] [DEBUG]: Total number of records: 5
[2023-10-01 21:10:39] [INFO]: Fetching products (Page: 0, Limit: 2)
[2023-10-01 21:11:00] [DEBUG]: Request for fetching products
[2023-10-01 21:11:00] [DEBUG]: Fetching total number of records
[2023-10-01 21:11:00] [DEBUG]: Total number of records: 5
[2023-10-01 21:11:00] [INFO]: Fetching products (Page: 0, Limit: 2)
[2023-10-01 21:11:10] [DEBUG]: Request for fetching products
[2023-10-01 21:11:10] [DEBUG]: Fetching total number of records
[2023-10-01 21:11:10] [DEBUG]: Total number of records: 5
[2023-10-01 21:11:10] [INFO]: Fetching products (Page: 1, Limit: 2)
[2023-10-01 21:11:15] [INFO]: Server is running on port 5000
[2023-10-01 21:11:39] [INFO]: Fetching products (Page: 2, Limit: 2)
[2023-10-01 21:12:22] [INFO]: Server is running on port 5000
[2023-10-01 21:12:32] [INFO]: Server is running on port 5000
[2023-10-01 21:13:20] [INFO]: Server is running on port 5000
[2023-10-01 21:29:27] [INFO]: Server is running on port 5000
[2023-10-01 21:57:31] [INFO]: Extracting Drive Link -> ID, RegEx Match Found for drive Link: 1ot4OQP647vU39Yt-2TsfJm1epkbL8aw
[2023-10-01 21:57:31] [INFO]: Product updated successfully
